[00:46:26] [main/DEBUG] [FML/]: Injecting tracing printstreams for STDOUT/STDERR.
[00:46:26] [main/INFO] [FML/]: Forge Mod Loader version 7.99.40.1614 for Minecraft 1.7.10 loading
[00:46:27] [main/INFO] [FML/]: Java is Java HotSpot(TM) 64-Bit Server VM, version 1.8.0_431, running on Windows 10:amd64:10.0, installed at C:\Program Files\Java\jre1.8.0_431
[00:46:27] [main/DEBUG] [FML/]: Java classpath at launch is C:\Users\jorjo\Downloads\Television\starter\bin\main;C:\Users\jorjo\Downloads\Television\starter\bin\injectedTags;C:\Users\jorjo\Downloads\Television\starter\bin\mcLauncher;C:\Users\jorjo\Downloads\Television\starter\bin\patchedMc;C:\Users\jorjo\.gradle\caches\modules-2\files-2.1\org.lwjgl.lwjgl\lwjgl_util\2.9.4-nightly-20150209\d51a7c040a721d13efdfbd34f8b257b2df882ad0\lwjgl_util-2.9.4-nightly-20150209.jar;C:\Users\jorjo\.gradle\caches\modules-2\files-2.1\org.lwjgl.lwjgl\lwjgl\2.9.4-nightly-20150209\697517568c68e78ae0b4544145af031c81082dfe\lwjgl-2.9.4-nightly-20150209.jar;C:\Users\jorjo\.gradle\caches\modules-2\files-2.1\org.lwjgl.lwjgl\lwjgl-platform\2.9.4-nightly-20150209\b84d5102b9dbfabfeb5e43c7e2828d98a7fc80e0\lwjgl-platform-2.9.4-nightly-20150209-natives-windows.jar;C:\Users\jorjo\.gradle\caches\modules-2\files-2.1\org.lwjgl.lwjgl\lwjgl-platform\2.9.4-nightly-20150209\931074f46c795d2f7b30ed6395df5715cfd7675b\lwjgl-platform-2.9.4-nightly-20150209-natives-linux.jar;C:\Users\jorjo\.gradle\caches\modules-2\files-2.1\org.lwjgl.lwjgl\lwjgl-platform\2.9.4-nightly-20150209\bcab850f8f487c3f4c4dbabde778bb82bd1a40ed\lwjgl-platform-2.9.4-nightly-20150209-natives-osx.jar;C:\Users\jorjo\.gradle\caches\modules-2\files-2.1\me.eigenraven.java8unsupported\java-8-unsupported-shim\1.0.0\2d0687782e2d091a6f3cf4709c54368fe6ab47e8\java-8-unsupported-shim-1.0.0.jar;C:\Users\jorjo\.gradle\caches\modules-2\files-2.1\net.minecraft\launchwrapper\1.12\111e7bea9c968cdb3d06ef4632bf7ff0824d0f36\launchwrapper-1.12.jar;C:\Users\jorjo\.gradle\caches\modules-2\files-2.1\com.mojang\authlib\1.5.21\aefba0d5b53fbcb70860bc8046ab95d5854c07a5\authlib-1.5.21.jar;C:\Users\jorjo\.gradle\caches\modules-2\files-2.1\com.google.code.findbugs\jsr305\2.0.1\516c03b21d50a644d538de0f0369c620989cd8f0\jsr305-2.0.1.jar;C:\Users\jorjo\.gradle\caches\modules-2\files-2.1\com.typesafe.akka\akka-actor_2.11\2.3.3\ed62e9fc709ca0f2ff1a3220daa8b70a2870078e\akka-actor_2.11-2.3.3.jar;C:\Users\jorjo\.gradle\caches\modules-2\files-2.1\com.typesafe\config\1.2.1\f771f71fdae3df231bcd54d5ca2d57f0bf93f467\config-1.2.1.jar;C:\Users\jorjo\.gradle\caches\modules-2\files-2.1\org.scala-lang\scala-actors-migration_2.11\1.1.0\dfa8bc42b181d5b9f1a5dd147f8ae308b893eb6f\scala-actors-migration_2.11-1.1.0.jar;C:\Users\jorjo\.gradle\caches\modules-2\files-2.1\org.scala-lang\scala-compiler\2.11.5\eb2631e425d240f55ffc060c3262caa4d05d8d1a\scala-compiler-2.11.5.jar;C:\Users\jorjo\.gradle\caches\modules-2\files-2.1\org.scala-lang.plugins\scala-continuations-library_2.11\1.0.2\e517c53a7e9acd6b1668c5a35eccbaa3bab9aac\scala-continuations-library_2.11-1.0.2.jar;C:\Users\jorjo\.gradle\caches\modules-2\files-2.1\org.scala-lang.plugins\scala-continuations-plugin_2.11.1\1.0.2\f361a3283452c57fa30c1ee69448995de23c60f7\scala-continuations-plugin_2.11.1-1.0.2.jar;C:\Users\jorjo\.gradle\caches\modules-2\files-2.1\org.scala-lang\scala-library\2.11.5\a5544bb030c5e6c3d81ad116b7dc5024f047df26\scala-library-2.11.5.jar;C:\Users\jorjo\.gradle\caches\modules-2\files-2.1\org.scala-lang\scala-parser-combinators_2.11\1.0.1\f05d7345bf5a58924f2837c6c1f4d73a938e1ff0\scala-parser-combinators_2.11-1.0.1.jar;C:\Users\jorjo\.gradle\caches\modules-2\files-2.1\org.scala-lang\scala-reflect\2.11.5\69ce65b0f0767c4e5eafaf789fdde7aab78bd9d\scala-reflect-2.11.5.jar;C:\Users\jorjo\.gradle\caches\modules-2\files-2.1\org.scala-lang\scala-swing_2.11\1.0.1\b1cdd92bd47b1e1837139c1c53020e86bb9112ae\scala-swing_2.11-1.0.1.jar;C:\Users\jorjo\.gradle\caches\modules-2\files-2.1\org.scala-lang\scala-xml_2.11\1.0.2\7a80ec00aec122fba7cd4e0d4cdd87ff7e4cb6d0\scala-xml_2.11-1.0.2.jar;C:\Users\jorjo\.gradle\caches\modules-2\files-2.1\lzma\lzma\0.0.1\521616dc7487b42bef0e803bd2fa3faf668101d7\lzma-0.0.1.jar;C:\Users\jorjo\.gradle\caches\modules-2\files-2.1\org.ow2.asm\asm-debug-all\5.0.3\f9e364ae2a66ce2a543012a4668856e84e5dab74\asm-debug-all-5.0.3.jar;C:\Users\jorjo\.gradle\caches\modules-2\files-2.1\com.github.GTNewHorizons\NotEnoughItems\2.7.4-GTNH\86b7c28a7e2a357ec04763ce60cfc4f3b85135db\NotEnoughItems-2.7.4-GTNH-dev.jar;C:\Users\jorjo\.gradle\caches\modules-2\files-2.1\com.paulscode\codecjorbis\20101023\c73b5636faf089d9f00e8732a829577de25237ee\codecjorbis-20101023.jar;C:\Users\jorjo\.gradle\caches\modules-2\files-2.1\com.paulscode\codecwav\20101023\12f031cfe88fef5c1dd36c563c0a3a69bd7261da\codecwav-20101023.jar;C:\Users\jorjo\.gradle\caches\modules-2\files-2.1\com.paulscode\libraryjavasound\20101123\5c5e304366f75f9eaa2e8cca546a1fb6109348b3\libraryjavasound-20101123.jar;C:\Users\jorjo\.gradle\caches\modules-2\files-2.1\com.paulscode\librarylwjglopenal\20100824\73e80d0794c39665aec3f62eee88ca91676674ef\librarylwjglopenal-20100824.jar;C:\Users\jorjo\.gradle\caches\modules-2\files-2.1\com.paulscode\soundsystem\20120107\419c05fe9be71f792b2d76cfc9b67f1ed0fec7f6\soundsystem-20120107.jar;C:\Users\jorjo\.gradle\caches\modules-2\files-2.1\com.mojang\netty\1.8.8\a796914d1c8a55b4da9f4a8856dd9623375d8bb\netty-1.8.8.jar;C:\Users\jorjo\.gradle\caches\modules-2\files-2.1\com.mojang\realms\1.3.5\807ae355ee63583becd7ea60e76aab1532bb42e\realms-1.3.5.jar;C:\Users\jorjo\.gradle\caches\modules-2\files-2.1\org.apache.commons\commons-compress\1.8.1\a698750c16740fd5b3871425f4cb3bbaa87f529d\commons-compress-1.8.1.jar;C:\Users\jorjo\.gradle\caches\modules-2\files-2.1\org.apache.httpcomponents\httpclient\4.3.3\18f4247ff4572a074444572cee34647c43e7c9c7\httpclient-4.3.3.jar;C:\Users\jorjo\.gradle\caches\modules-2\files-2.1\commons-logging\commons-logging\1.1.3\f6f66e966c70a83ffbdb6f17a0919eaf7c8aca7f\commons-logging-1.1.3.jar;C:\Users\jorjo\.gradle\caches\modules-2\files-2.1\org.apache.httpcomponents\httpcore\4.3.2\31fbbff1ddbf98f3aa7377c94d33b0447c646b6e\httpcore-4.3.2.jar;C:\Users\jorjo\.gradle\caches\modules-2\files-2.1\java3d\vecmath\1.3.1\a0ae4f51da409fa0c20fa0ca59e6bbc9413ae71d\vecmath-1.3.1.jar;C:\Users\jorjo\.gradle\caches\modules-2\files-2.1\net.sf.trove4j\trove4j\3.0.3\42ccaf4761f0dfdfa805c9e340d99a755907e2dd\trove4j-3.0.3.jar;C:\Users\jorjo\.gradle\caches\modules-2\files-2.1\com.ibm.icu\icu4j-core-mojang\51.2\63d216a9311cca6be337c1e458e587f99d382b84\icu4j-core-mojang-51.2.jar;C:\Users\jorjo\.gradle\caches\modules-2\files-2.1\net.sf.jopt-simple\jopt-simple\4.5\6065cc95c661255349c1d0756657be17c29a4fd3\jopt-simple-4.5.jar;C:\Users\jorjo\.gradle\caches\modules-2\files-2.1\io.netty\netty-all\4.0.10.Final\9e50bd52ffe257a0e2cd8d971688d6ce7d174325\netty-all-4.0.10.Final.jar;C:\Users\jorjo\.gradle\caches\modules-2\files-2.1\com.google.guava\guava\17.0\9c6ef172e8de35fd8d4d8783e4821e57cdef7445\guava-17.0.jar;C:\Users\jorjo\.gradle\caches\modules-2\files-2.1\org.apache.commons\commons-lang3\3.3.2\90a3822c38ec8c996e84c16a3477ef632cbc87a3\commons-lang3-3.3.2.jar;C:\Users\jorjo\.gradle\caches\modules-2\files-2.1\commons-io\commons-io\2.4\b1b6ea3b7e4aa4f492509a4952029cd8e48019ad\commons-io-2.4.jar;C:\Users\jorjo\.gradle\caches\modules-2\files-2.1\commons-codec\commons-codec\1.9\9ce04e34240f674bc72680f8b843b1457383161a\commons-codec-1.9.jar;C:\Users\jorjo\.gradle\caches\modules-2\files-2.1\net.java.jinput\jinput\2.0.5\39c7796b469a600f72380316f6b1f11db6c2c7c4\jinput-2.0.5.jar;C:\Users\jorjo\.gradle\caches\modules-2\files-2.1\net.java.jutils\jutils\1.0.0\e12fe1fda814bd348c1579329c86943d2cd3c6a6\jutils-1.0.0.jar;C:\Users\jorjo\.gradle\caches\modules-2\files-2.1\com.google.code.gson\gson\2.2.4\a60a5e993c98c864010053cb901b7eab25306568\gson-2.2.4.jar;C:\Users\jorjo\.gradle\caches\modules-2\files-2.1\org.apache.logging.log4j\log4j-api\2.0-beta9-fixed\b61eaf2e64d8b0277e188262a8b771bbfa1502b3\log4j-api-2.0-beta9-fixed.jar;C:\Users\jorjo\.gradle\caches\modules-2\files-2.1\org.apache.logging.log4j\log4j-core\2.0-beta9-fixed\677991ea2d7426f76309a73739cecf609679492c\log4j-core-2.0-beta9-fixed.jar;C:\Users\jorjo\.gradle\caches\modules-2\files-2.1\net.java.jinput\jinput-platform\2.0.5\385ee093e01f587f30ee1c8a2ee7d408fd732e16\jinput-platform-2.0.5-natives-windows.jar;C:\Users\jorjo\.gradle\caches\modules-2\files-2.1\tv.twitch\twitch\5.16\1f55f009c61637c10c0acfb8b5ffc600f30044b4\twitch-5.16.jar;C:\Users\jorjo\.gradle\caches\modules-2\files-2.1\tv.twitch\twitch-platform\5.16\39d0c3d363735b4785598e0e7fbf8297c706a9f9\twitch-platform-5.16-natives-windows-64.jar;C:\Users\jorjo\.gradle\caches\modules-2\files-2.1\tv.twitch\twitch-platform\5.16\7c6affe439099806a4f552da14c42f9d643d8b23\twitch-platform-5.16-natives-windows-32.jar;C:\Users\jorjo\.gradle\caches\modules-2\files-2.1\tv.twitch\twitch-platform\5.16\62503ee712766cf77f97252e5902786fd834b8c5\twitch-platform-5.16-natives-osx.jar;C:\Users\jorjo\.gradle\caches\modules-2\files-2.1\tv.twitch\twitch-external-platform\4.5\c3cde57891b935d41b6680a9c5e1502eeab76d86\twitch-external-platform-4.5-natives-windows-64.jar;C:\Users\jorjo\.gradle\caches\modules-2\files-2.1\tv.twitch\twitch-external-platform\4.5\18215140f010c05b9f86ef6f0f8871954d2ccebf\twitch-external-platform-4.5-natives-windows-32.jar;C:\Users\jorjo\.gradle\caches\modules-2\files-2.1\com.github.GTNewHorizons\CodeChickenCore\1.4.0\a680e0f45e839e1b3c27e5b4ae99da860a5cfb0e\CodeChickenCore-1.4.0-dev.jar;C:\Users\jorjo\.gradle\caches\modules-2\files-2.1\net.java.jinput\jinput-platform\2.0.5\7ff832a6eb9ab6a767f1ade2b548092d0fa64795\jinput-platform-2.0.5-natives-linux.jar;C:\Users\jorjo\.gradle\caches\modules-2\files-2.1\net.java.jinput\jinput-platform\2.0.5\53f9c919f34d2ca9de8c51fc4e1e8282029a9232\jinput-platform-2.0.5-natives-osx.jar;C:\Users\jorjo\.gradle\caches\modules-2\files-2.1\com.github.bsideup.jabel\jabel-javac-plugin\1.0.1\bb8438165ad73915c66d63ee316895817e645455\jabel-javac-plugin-1.0.1.jar
[00:46:27] [main/DEBUG] [FML/]: Java library path at launch is C:\Users\jorjo\Downloads\Television\starter\run\natives\lwjgl2
[00:46:27] [main/INFO] [FML/]: Managed to load a deobfuscated Minecraft name- we are in a deobfuscated environment. Skipping runtime deobfuscation
[00:46:27] [main/DEBUG] [FML/]: Instantiating coremod class FMLCorePlugin
[00:46:27] [main/DEBUG] [FML/]: Added access transformer class cpw.mods.fml.common.asm.transformers.AccessTransformer to enqueued access transformers
[00:46:27] [main/DEBUG] [FML/]: Enqueued coremod FMLCorePlugin
[00:46:27] [main/DEBUG] [FML/]: Instantiating coremod class FMLForgePlugin
[00:46:27] [main/DEBUG] [FML/]: Added access transformer class net.minecraftforge.transformers.ForgeAccessTransformer to enqueued access transformers
[00:46:27] [main/DEBUG] [FML/]: Enqueued coremod FMLForgePlugin
[00:46:27] [main/DEBUG] [FML/]: All fundamental core mods are successfully located
[00:46:27] [main/INFO] [FML/]: Found a command line coremod : codechicken.nei.asm.NEICorePlugin
[00:46:27] [main/DEBUG] [FML/]: Instantiating coremod class NEICorePlugin
[00:46:27] [main/DEBUG] [FML/]: The coremod codechicken.nei.asm.NEICorePlugin requested minecraft version 1.7.10 and minecraft is 1.7.10. It will be loaded.
[00:46:27] [main/DEBUG] [FML/]: Enqueued coremod NEICorePlugin
[00:46:27] [main/INFO] [FML/]: Found a command line coremod : codechicken.core.launch.CodeChickenCorePlugin
[00:46:27] [main/DEBUG] [FML/]: Instantiating coremod class CodeChickenCorePlugin
[00:46:27] [main/DEBUG] [FML/]: The coremod codechicken.core.launch.CodeChickenCorePlugin requested minecraft version 1.7.10 and minecraft is 1.7.10. It will be loaded.
[00:46:27] [main/DEBUG] [FML/]: Added access transformer class codechicken.core.asm.CodeChickenAccessTransformer to enqueued access transformers
[00:46:27] [main/DEBUG] [FML/]: Enqueued coremod CodeChickenCorePlugin
[00:46:27] [main/DEBUG] [FML/]: Attempting to load commandline specified mods, relative to C:\Users\jorjo\Downloads\Television\starter\.
[00:46:27] [main/DEBUG] [FML/]: Discovering coremods
[00:46:27] [main/DEBUG] [FML/]: Examining for coremod candidacy CodeChickenCore-1.3.10.jar
[00:46:27] [main/TRACE] [FML/]: Adding CodeChickenCore-1.3.10.jar to the list of known coremods, it will not be examined again
[00:46:27] [main/DEBUG] [FML/]: Instantiating coremod class CodeChickenCorePlugin
[00:46:27] [main/DEBUG] [FML/]: The coremod codechicken.core.launch.CodeChickenCorePlugin requested minecraft version 1.7.10 and minecraft is 1.7.10. It will be loaded.
[00:46:27] [main/DEBUG] [FML/]: Added access transformer class codechicken.core.asm.CodeChickenAccessTransformer to enqueued access transformers
[00:46:27] [main/DEBUG] [FML/]: Enqueued coremod CodeChickenCorePlugin
[00:46:27] [main/DEBUG] [FML/]: Examining for coremod candidacy NotEnoughItems-2.6.52-GTNH.jar
[00:46:27] [main/TRACE] [FML/]: Adding NotEnoughItems-2.6.52-GTNH.jar to the list of known coremods, it will not be examined again
[00:46:27] [main/DEBUG] [FML/]: Instantiating coremod class NEICorePlugin
[00:46:27] [main/DEBUG] [FML/]: The coremod codechicken.nei.asm.NEICorePlugin requested minecraft version 1.7.10 and minecraft is 1.7.10. It will be loaded.
[00:46:27] [main/DEBUG] [FML/]: Enqueued coremod NEICorePlugin
[00:46:27] [main/INFO] [LaunchWrapper/]: Calling tweak class net.minecraftforge.gradle.tweakers.CoremodTweaker
[00:46:27] [main/INFO] [GradleStart/]: Injecting location in coremod cpw.mods.fml.relauncher.FMLCorePlugin
[00:46:27] [main/INFO] [GradleStart/]: Injecting location in coremod net.minecraftforge.classloading.FMLForgePlugin
[00:46:27] [main/INFO] [GradleStart/]: Injecting location in coremod codechicken.core.asm.MCPDeobfuscationTransformer.LoadPlugin
[00:46:27] [main/INFO] [GradleStart/]: Injecting location in coremod codechicken.nei.asm.NEICorePlugin
[00:46:27] [main/INFO] [GradleStart/]: Injecting location in coremod codechicken.core.launch.CodeChickenCorePlugin
[00:46:27] [main/INFO] [GradleStart/]: Injecting location in coremod codechicken.core.launch.CodeChickenCorePlugin
[00:46:27] [main/INFO] [GradleStart/]: Injecting location in coremod codechicken.nei.asm.NEICorePlugin
[00:46:27] [main/INFO] [LaunchWrapper/]: Loading tweak class name cpw.mods.fml.common.launcher.FMLInjectionAndSortingTweaker
[00:46:27] [main/INFO] [LaunchWrapper/]: Loading tweak class name cpw.mods.fml.common.launcher.FMLDeobfTweaker
[00:46:27] [main/INFO] [LaunchWrapper/]: Loading tweak class name net.minecraftforge.gradle.tweakers.AccessTransformerTweaker
[00:46:27] [main/INFO] [LaunchWrapper/]: Calling tweak class cpw.mods.fml.common.launcher.FMLInjectionAndSortingTweaker
[00:46:27] [main/INFO] [LaunchWrapper/]: Calling tweak class cpw.mods.fml.common.launcher.FMLInjectionAndSortingTweaker
[00:46:27] [main/INFO] [LaunchWrapper/]: Calling tweak class cpw.mods.fml.relauncher.CoreModManager$FMLPluginWrapper
[00:46:27] [main/DEBUG] [FML/]: Injecting coremod FMLCorePlugin {cpw.mods.fml.relauncher.FMLCorePlugin} class transformers
[00:46:27] [main/TRACE] [FML/]: Registering transformer cpw.mods.fml.common.asm.transformers.MarkerTransformer
[00:46:27] [main/TRACE] [FML/]: Registering transformer cpw.mods.fml.common.asm.transformers.SideTransformer
[00:46:27] [main/TRACE] [FML/]: Registering transformer cpw.mods.fml.common.asm.transformers.EventSubscriptionTransformer
[00:46:27] [main/DEBUG] [FML/]: Injection complete
[00:46:27] [main/DEBUG] [FML/]: Running coremod plugin for FMLCorePlugin {cpw.mods.fml.relauncher.FMLCorePlugin}
[00:46:27] [main/DEBUG] [FML/]: Running coremod plugin FMLCorePlugin
[00:46:28] [main/ERROR] [FML/]: The binary patch set is missing. Either you are in a development environment, or things are not going to work!
[00:46:32] [main/DEBUG] [FML/]: Coremod plugin class FMLCorePlugin run successfully
[00:46:32] [main/INFO] [LaunchWrapper/]: Calling tweak class cpw.mods.fml.relauncher.CoreModManager$FMLPluginWrapper
[00:46:32] [main/DEBUG] [FML/]: Injecting coremod FMLForgePlugin {net.minecraftforge.classloading.FMLForgePlugin} class transformers
[00:46:32] [main/TRACE] [FML/]: Registering transformer net.minecraftforge.classloading.FluidIdTransformer
[00:46:32] [main/DEBUG] [FML/]: Injection complete
[00:46:32] [main/DEBUG] [FML/]: Running coremod plugin for FMLForgePlugin {net.minecraftforge.classloading.FMLForgePlugin}
[00:46:32] [main/DEBUG] [FML/]: Running coremod plugin FMLForgePlugin
[00:46:32] [main/DEBUG] [FML/]: Coremod plugin class FMLForgePlugin run successfully
[00:46:32] [main/INFO] [LaunchWrapper/]: Calling tweak class cpw.mods.fml.relauncher.CoreModManager$FMLPluginWrapper
[00:46:32] [main/DEBUG] [FML/]: Injecting coremod CCCDeobfPlugin {codechicken.core.asm.MCPDeobfuscationTransformer$LoadPlugin} class transformers
[00:46:32] [main/DEBUG] [FML/]: Injection complete
[00:46:32] [main/DEBUG] [FML/]: Running coremod plugin for CCCDeobfPlugin {codechicken.core.asm.MCPDeobfuscationTransformer$LoadPlugin}
[00:46:32] [main/DEBUG] [FML/]: Running coremod plugin CCCDeobfPlugin
[00:46:32] [main/DEBUG] [FML/]: Coremod plugin class LoadPlugin run successfully
[00:46:32] [main/INFO] [LaunchWrapper/]: Calling tweak class cpw.mods.fml.relauncher.CoreModManager$FMLPluginWrapper
[00:46:32] [main/DEBUG] [FML/]: Injecting coremod NEICorePlugin {codechicken.nei.asm.NEICorePlugin} class transformers
[00:46:33] [main/TRACE] [FML/]: Registering transformer codechicken.nei.asm.NEITransformer
[00:46:33] [main/DEBUG] [FML/]: Injection complete
[00:46:33] [main/DEBUG] [FML/]: Running coremod plugin for NEICorePlugin {codechicken.nei.asm.NEICorePlugin}
[00:46:33] [main/DEBUG] [FML/]: Running coremod plugin NEICorePlugin
[00:46:33] [main/DEBUG] [FML/]: Coremod plugin class NEICorePlugin run successfully
[00:46:33] [main/INFO] [LaunchWrapper/]: Calling tweak class cpw.mods.fml.relauncher.CoreModManager$FMLPluginWrapper
[00:46:33] [main/DEBUG] [FML/]: Injecting coremod CodeChickenCorePlugin {codechicken.core.launch.CodeChickenCorePlugin} class transformers
[00:46:33] [main/TRACE] [FML/]: Registering transformer codechicken.lib.asm.ClassHeirachyManager
[00:46:33] [main/TRACE] [FML/]: Registering transformer codechicken.core.asm.TweakTransformer
[00:46:33] [main/TRACE] [FML/]: Registering transformer codechicken.core.asm.DelegatedTransformer
[00:46:33] [main/TRACE] [FML/]: Registering transformer codechicken.core.asm.DefaultImplementationTransformer
[00:46:33] [main/TRACE] [FML/]: Registering transformer codechicken.lib.asm.RedirectorTransformer
[00:46:33] [main/DEBUG] [FML/]: Injection complete
[00:46:33] [main/DEBUG] [FML/]: Running coremod plugin for CodeChickenCorePlugin {codechicken.core.launch.CodeChickenCorePlugin}
[00:46:33] [main/DEBUG] [FML/]: Running coremod plugin CodeChickenCorePlugin
[00:46:33] [main/DEBUG] [FML/]: Coremod plugin class CodeChickenCorePlugin run successfully
[00:46:33] [main/INFO] [LaunchWrapper/]: Calling tweak class cpw.mods.fml.relauncher.CoreModManager$FMLPluginWrapper
[00:46:33] [main/DEBUG] [FML/]: Injecting coremod CodeChickenCorePlugin {codechicken.core.launch.CodeChickenCorePlugin} class transformers
[00:46:33] [main/TRACE] [FML/]: Registering transformer codechicken.lib.asm.ClassHeirachyManager
[00:46:33] [main/TRACE] [FML/]: Registering transformer codechicken.core.asm.TweakTransformer
[00:46:33] [main/TRACE] [FML/]: Registering transformer codechicken.core.asm.DelegatedTransformer
[00:46:33] [main/TRACE] [FML/]: Registering transformer codechicken.core.asm.DefaultImplementationTransformer
[00:46:33] [main/TRACE] [FML/]: Registering transformer codechicken.lib.asm.RedirectorTransformer
[00:46:33] [main/DEBUG] [FML/]: Injection complete
[00:46:33] [main/DEBUG] [FML/]: Running coremod plugin for CodeChickenCorePlugin {codechicken.core.launch.CodeChickenCorePlugin}
[00:46:33] [main/DEBUG] [FML/]: Running coremod plugin CodeChickenCorePlugin
[00:46:33] [main/DEBUG] [FML/]: Coremod plugin class CodeChickenCorePlugin run successfully
[00:46:33] [main/INFO] [LaunchWrapper/]: Calling tweak class cpw.mods.fml.relauncher.CoreModManager$FMLPluginWrapper
[00:46:33] [main/DEBUG] [FML/]: Injecting coremod NEICorePlugin {codechicken.nei.asm.NEICorePlugin} class transformers
[00:46:33] [main/TRACE] [FML/]: Registering transformer codechicken.nei.asm.NEITransformer
[00:46:33] [main/DEBUG] [FML/]: Injection complete
[00:46:33] [main/DEBUG] [FML/]: Running coremod plugin for NEICorePlugin {codechicken.nei.asm.NEICorePlugin}
[00:46:33] [main/DEBUG] [FML/]: Running coremod plugin NEICorePlugin
[00:46:33] [main/DEBUG] [FML/]: Coremod plugin class NEICorePlugin run successfully
[00:46:33] [main/INFO] [LaunchWrapper/]: Calling tweak class cpw.mods.fml.common.launcher.FMLDeobfTweaker
[00:46:33] [main/DEBUG] [FML/]: Loaded 57 rules from AccessTransformer config file fml_at.cfg
[00:46:33] [main/DEBUG] [FML/]: Loaded 89 rules from AccessTransformer config file forge_at.cfg
[00:46:33] [main/DEBUG] [FML/]: Loaded 57 rules from AccessTransformer config file fml_at.cfg
[00:46:33] [main/DEBUG] [FML/]: Loaded 57 rules from AccessTransformer config file fml_at.cfg
[00:46:33] [main/DEBUG] [FML/]: Loaded 13 rules from AccessTransformer mod jar file C:\Users\jorjo\.gradle\caches\modules-2\files-2.1\com.github.GTNewHorizons\NotEnoughItems\2.7.4-GTNH\86b7c28a7e2a357ec04763ce60cfc4f3b85135db\NotEnoughItems-2.7.4-GTNH-dev.jar!META-INF/nei_at.cfg

[00:46:33] [main/DEBUG] [FML/]: Loaded 13 rules from AccessTransformer mod jar file C:\Users\jorjo\Downloads\Television\starter\mods\NotEnoughItems-2.6.52-GTNH.jar!META-INF/nei_at.cfg

[00:46:33] [main/DEBUG] [FML/]: Validating minecraft
[00:46:34] [main/DEBUG] [FML/]: Minecraft validated, launching...
[00:46:34] [main/INFO] [LaunchWrapper/]: Calling tweak class net.minecraftforge.gradle.tweakers.AccessTransformerTweaker
[00:46:34] [main/DEBUG] [GradleStart/]: Reading CSV file: C:\Users\jorjo\.gradle\caches\minecraft\net\minecraftforge\forge\1.7.10-10.13.4.1614-1.7.10\unpacked\conf\fields.csv
[00:46:35] [main/DEBUG] [GradleStart/]: Reading CSV file: C:\Users\jorjo\.gradle\caches\minecraft\net\minecraftforge\forge\1.7.10-10.13.4.1614-1.7.10\unpacked\conf\methods.csv
[00:46:35] [main/INFO] [GradleStart/]: Remapping AccessTransformer rules...
[00:46:35] [main/INFO] [LaunchWrapper/]: Loading tweak class name cpw.mods.fml.common.launcher.TerminalTweaker
[00:46:35] [main/INFO] [LaunchWrapper/]: Calling tweak class cpw.mods.fml.common.launcher.TerminalTweaker
[00:46:35] [main/INFO] [LaunchWrapper/]: Launching wrapped minecraft {net.minecraft.client.main.Main}
[00:46:37] [main/DEBUG] [CCL ASM/]: Inserted super call into [net/minecraft/client/renderer/InventoryEffectRenderer.updateScreen()V]
[00:46:37] [main/DEBUG] [CCL ASM/]: Writing method [net/minecraft/client/gui/inventory/GuiContainer.setWorldAndResolution(Lnet/minecraft/client/Minecraft;II)V]
[00:46:37] [main/DEBUG] [CCL ASM/]: Writing method [net/minecraft/client/gui/inventory/GuiContainer.handleKeyboardInput()V]
[00:46:37] [main/DEBUG] [CCL ASM/]: Writing method [net/minecraft/client/gui/inventory/GuiContainer.handleKeyboardInput()V]
[00:46:37] [main/DEBUG] [CCL ASM/]: Writing method [net/minecraft/client/gui/inventory/GuiContainer.handleKeyboardInput()V]
[00:46:37] [main/DEBUG] [CCL ASM/]: Writing method [net/minecraft/client/gui/inventory/GuiContainer.handleMouseInput()V]
[00:46:37] [main/DEBUG] [CCL ASM/]: Writing method [net/minecraft/client/gui/inventory/GuiContainer.public_func_73869_a(CI)V]
[00:46:37] [main/DEBUG] [CCL ASM/]: Writing method [net/minecraft/client/gui/inventory/GuiContainer.public_func_146984_a(Lnet/minecraft/inventory/Slot;III)V]
[00:46:37] [main/DEBUG] [CCL ASM/]: Injecting before method [net/minecraft/client/gui/inventory/GuiContainer.drawScreen(IIF)V]
[00:46:37] [main/DEBUG] [CCL ASM/]: Injecting after method [net/minecraft/client/gui/inventory/GuiContainer.drawScreen(IIF)V] @ 133 - 135
[00:46:37] [main/DEBUG] [CCL ASM/]: Injecting after method [net/minecraft/client/gui/inventory/GuiContainer.drawScreen(IIF)V] @ 221 - 226
[00:46:37] [main/DEBUG] [CCL ASM/]: Replacing method [net/minecraft/client/gui/inventory/GuiContainer.drawScreen(IIF)V] @ 444 - 470
[00:46:37] [main/DEBUG] [CCL ASM/]: Replacing method [net/minecraft/client/gui/inventory/GuiContainer.drawItemStack(Lnet/minecraft/item/ItemStack;IILjava/lang/String;)V] @ 9 - 10
[00:46:37] [main/DEBUG] [CCL ASM/]: Replacing method [net/minecraft/client/gui/inventory/GuiContainer.drawItemStack(Lnet/minecraft/item/ItemStack;IILjava/lang/String;)V] @ 14 - 15
[00:46:37] [main/DEBUG] [CCL ASM/]: Replacing method [net/minecraft/client/gui/inventory/GuiContainer.func_146977_a(Lnet/minecraft/inventory/Slot;)V] @ 298 - 323
[00:46:37] [main/DEBUG] [CCL ASM/]: Injecting before method [net/minecraft/client/gui/inventory/GuiContainer.mouseClicked(III)V]
[00:46:37] [main/DEBUG] [CCL ASM/]: Replacing method [net/minecraft/client/gui/inventory/GuiContainer.mouseClicked(III)V] @ 260 - 261
[00:46:37] [main/DEBUG] [CCL ASM/]: Replacing method [net/minecraft/client/gui/inventory/GuiContainer.mouseClicked(III)V] @ 336 - 337
[00:46:37] [main/DEBUG] [CCL ASM/]: Replacing method [net/minecraft/client/gui/inventory/GuiContainer.mouseClickMove(IIIJ)V] @ 100 - 101
[00:46:37] [main/DEBUG] [CCL ASM/]: Replacing method [net/minecraft/client/gui/inventory/GuiContainer.mouseClickMove(IIIJ)V] @ 109 - 110
[00:46:37] [main/DEBUG] [CCL ASM/]: Replacing method [net/minecraft/client/gui/inventory/GuiContainer.mouseClickMove(IIIJ)V] @ 120 - 121
[00:46:37] [main/DEBUG] [CCL ASM/]: Replacing method [net/minecraft/client/gui/inventory/GuiContainer.mouseMovedOrUp(III)V] @ 153 - 154
[00:46:37] [main/DEBUG] [CCL ASM/]: Replacing method [net/minecraft/client/gui/inventory/GuiContainer.mouseMovedOrUp(III)V] @ 171 - 172
[00:46:37] [main/DEBUG] [CCL ASM/]: Replacing method [net/minecraft/client/gui/inventory/GuiContainer.mouseMovedOrUp(III)V] @ 292 - 293
[00:46:37] [main/DEBUG] [CCL ASM/]: Replacing method [net/minecraft/client/gui/inventory/GuiContainer.mouseMovedOrUp(III)V] @ 300 - 301
[00:46:37] [main/DEBUG] [CCL ASM/]: Replacing method [net/minecraft/client/gui/inventory/GuiContainer.mouseMovedOrUp(III)V] @ 319 - 320
[00:46:37] [main/DEBUG] [CCL ASM/]: Replacing method [net/minecraft/client/gui/inventory/GuiContainer.mouseMovedOrUp(III)V] @ 434 - 435
[00:46:37] [main/DEBUG] [CCL ASM/]: Replacing method [net/minecraft/client/gui/inventory/GuiContainer.mouseMovedOrUp(III)V] @ 462 - 463
[00:46:37] [main/DEBUG] [CCL ASM/]: Replacing method [net/minecraft/client/gui/inventory/GuiContainer.mouseMovedOrUp(III)V] @ 479 - 480
[00:46:37] [main/DEBUG] [CCL ASM/]: Replacing method [net/minecraft/client/gui/inventory/GuiContainer.mouseMovedOrUp(III)V] @ 510 - 511
[00:46:37] [main/DEBUG] [CCL ASM/]: Replacing method [net/minecraft/client/gui/inventory/GuiContainer.mouseMovedOrUp(III)V] @ 572 - 574
[00:46:37] [main/DEBUG] [CCL ASM/]: Replacing method [net/minecraft/client/gui/inventory/GuiContainer.keyTyped(CI)V] @ 54 - 55
[00:46:37] [main/DEBUG] [CCL ASM/]: Replacing method [net/minecraft/client/gui/inventory/GuiContainer.keyTyped(CI)V] @ 86 - 87
[00:46:37] [main/DEBUG] [CCL ASM/]: Replacing method [net/minecraft/client/gui/inventory/GuiContainer.checkHotbarKeys(I)Z] @ 39 - 40
[00:46:37] [main/DEBUG] [CCL ASM/]: Writing method [net/minecraft/client/gui/inventory/GuiContainer.managerHandleMouseClick(Lnet/minecraft/inventory/Slot;III)V]
[00:46:37] [main/DEBUG] [CCL ASM/]: Injecting after method [net/minecraft/client/gui/inventory/GuiContainer.mouseClickMove(IIIJ)V] @ 14 - 15
[00:46:37] [main/DEBUG] [CCL ASM/]: Injecting before method [net/minecraft/client/gui/inventory/GuiContainer.mouseMovedOrUp(III)V]
[00:46:37] [main/DEBUG] [CCL ASM/]: NEI: Injecting mouseUp call
[00:46:37] [main/DEBUG] [CCL ASM/]: Replacing method [net/minecraft/client/gui/inventory/GuiContainer.handleMouseClick(Lnet/minecraft/inventory/Slot;III)V] @ 10 - 26
[00:46:37] [main/DEBUG] [CCL ASM/]: Injecting before method [net/minecraft/client/gui/inventory/GuiContainer.keyTyped(CI)V]
[00:46:37] [main/DEBUG] [CCL ASM/]: Injecting after method [net/minecraft/client/gui/inventory/GuiContainer.updateScreen()V] @ 0 - 4
[00:46:37] [main/DEBUG] [CCL ASM/]: Writing method [net/minecraft/client/gui/inventory/GuiContainer.setWorldAndResolution(Lnet/minecraft/client/Minecraft;II)V]
[00:46:37] [main/DEBUG] [CCL ASM/]: Writing method [net/minecraft/client/gui/inventory/GuiContainer.handleKeyboardInput()V]
[00:46:37] [main/DEBUG] [CCL ASM/]: Writing method [net/minecraft/client/gui/inventory/GuiContainer.handleKeyboardInput()V]
[00:46:37] [main/DEBUG] [CCL ASM/]: Writing method [net/minecraft/client/gui/inventory/GuiContainer.handleKeyboardInput()V]
[00:46:37] [main/DEBUG] [CCL ASM/]: Writing method [net/minecraft/client/gui/inventory/GuiContainer.handleMouseInput()V]
[00:46:37] [main/DEBUG] [CCL ASM/]: Writing method [net/minecraft/client/gui/inventory/GuiContainer.public_func_73869_a(CI)V]
[00:46:37] [main/DEBUG] [CCL ASM/]: Writing method [net/minecraft/client/gui/inventory/GuiContainer.public_func_146984_a(Lnet/minecraft/inventory/Slot;III)V]
[00:46:37] [main/DEBUG] [CCL ASM/]: Injecting before method [net/minecraft/client/gui/inventory/GuiContainer.drawScreen(IIF)V]
[00:46:37] [main/DEBUG] [CCL ASM/]: Injecting after method [net/minecraft/client/gui/inventory/GuiContainer.drawScreen(IIF)V] @ 138 - 140
[00:46:37] [main/DEBUG] [CCL ASM/]: Injecting after method [net/minecraft/client/gui/inventory/GuiContainer.drawScreen(IIF)V] @ 232 - 237
[00:46:37] [main/ERROR] [LaunchWrapper/]: Unable to launch
java.lang.reflect.InvocationTargetException
	at sun.reflect.NativeMethodAccessorImpl.invoke0(Native Method) ~[?:1.8.0_431]
	at sun.reflect.NativeMethodAccessorImpl.invoke(Unknown Source) ~[?:1.8.0_431]
	at sun.reflect.DelegatingMethodAccessorImpl.invoke(Unknown Source) ~[?:1.8.0_431]
	at java.lang.reflect.Method.invoke(Unknown Source) ~[?:1.8.0_431]
	at net.minecraft.launchwrapper.Launch.launch(Launch.java:135) [launchwrapper-1.12.jar:?]
	at net.minecraft.launchwrapper.Launch.main(Launch.java:28) [launchwrapper-1.12.jar:?]
	at net.minecraftforge.gradle.GradleStartCommon.launch(GradleStartCommon.java:97) [mcLauncher/:?]
	at GradleStart.main(GradleStart.java:40) [mcLauncher/:?]
Caused by: java.lang.NoClassDefFoundError: net/minecraft/client/gui/inventory/GuiInventory
	at net.minecraft.client.main.Main.main(Main.java:79) ~[Main.class:?]
	... 8 more
Caused by: java.lang.ClassNotFoundException: net.minecraft.client.gui.inventory.GuiInventory
	at net.minecraft.launchwrapper.LaunchClassLoader.findClass(LaunchClassLoader.java:191) ~[launchwrapper-1.12.jar:?]
	at java.lang.ClassLoader.loadClass(Unknown Source) ~[?:1.8.0_431]
	at java.lang.ClassLoader.loadClass(Unknown Source) ~[?:1.8.0_431]
	at net.minecraft.client.main.Main.main(Main.java:79) ~[Main.class:?]
	... 8 more
Caused by: java.lang.NoClassDefFoundError: net/minecraft/client/renderer/InventoryEffectRenderer
	at java.lang.ClassLoader.defineClass1(Native Method) ~[?:1.8.0_431]
	at java.lang.ClassLoader.defineClass(Unknown Source) ~[?:1.8.0_431]
	at java.security.SecureClassLoader.defineClass(Unknown Source) ~[?:1.8.0_431]
	at net.minecraft.launchwrapper.LaunchClassLoader.findClass(LaunchClassLoader.java:182) ~[launchwrapper-1.12.jar:?]
	at java.lang.ClassLoader.loadClass(Unknown Source) ~[?:1.8.0_431]
	at java.lang.ClassLoader.loadClass(Unknown Source) ~[?:1.8.0_431]
	at net.minecraft.client.main.Main.main(Main.java:79) ~[Main.class:?]
	... 8 more
Caused by: java.lang.ClassNotFoundException: net.minecraft.client.renderer.InventoryEffectRenderer
	at net.minecraft.launchwrapper.LaunchClassLoader.findClass(LaunchClassLoader.java:191) ~[launchwrapper-1.12.jar:?]
	at java.lang.ClassLoader.loadClass(Unknown Source) ~[?:1.8.0_431]
	at java.lang.ClassLoader.loadClass(Unknown Source) ~[?:1.8.0_431]
	at java.lang.ClassLoader.defineClass1(Native Method) ~[?:1.8.0_431]
	at java.lang.ClassLoader.defineClass(Unknown Source) ~[?:1.8.0_431]
	at java.security.SecureClassLoader.defineClass(Unknown Source) ~[?:1.8.0_431]
	at net.minecraft.launchwrapper.LaunchClassLoader.findClass(LaunchClassLoader.java:182) ~[launchwrapper-1.12.jar:?]
	at java.lang.ClassLoader.loadClass(Unknown Source) ~[?:1.8.0_431]
	at java.lang.ClassLoader.loadClass(Unknown Source) ~[?:1.8.0_431]
	at net.minecraft.client.main.Main.main(Main.java:79) ~[Main.class:?]
	... 8 more
Caused by: java.lang.NoClassDefFoundError: net/minecraft/client/gui/inventory/GuiContainer
	at java.lang.ClassLoader.defineClass1(Native Method) ~[?:1.8.0_431]
	at java.lang.ClassLoader.defineClass(Unknown Source) ~[?:1.8.0_431]
	at java.security.SecureClassLoader.defineClass(Unknown Source) ~[?:1.8.0_431]
	at net.minecraft.launchwrapper.LaunchClassLoader.findClass(LaunchClassLoader.java:182) ~[launchwrapper-1.12.jar:?]
	at java.lang.ClassLoader.loadClass(Unknown Source) ~[?:1.8.0_431]
	at java.lang.ClassLoader.loadClass(Unknown Source) ~[?:1.8.0_431]
	at java.lang.ClassLoader.defineClass1(Native Method) ~[?:1.8.0_431]
	at java.lang.ClassLoader.defineClass(Unknown Source) ~[?:1.8.0_431]
	at java.security.SecureClassLoader.defineClass(Unknown Source) ~[?:1.8.0_431]
	at net.minecraft.launchwrapper.LaunchClassLoader.findClass(LaunchClassLoader.java:182) ~[launchwrapper-1.12.jar:?]
	at java.lang.ClassLoader.loadClass(Unknown Source) ~[?:1.8.0_431]
	at java.lang.ClassLoader.loadClass(Unknown Source) ~[?:1.8.0_431]
	at net.minecraft.client.main.Main.main(Main.java:79) ~[Main.class:?]
	... 8 more
Caused by: java.lang.ClassNotFoundException: net.minecraft.client.gui.inventory.GuiContainer
	at net.minecraft.launchwrapper.LaunchClassLoader.findClass(LaunchClassLoader.java:191) ~[launchwrapper-1.12.jar:?]
	at java.lang.ClassLoader.loadClass(Unknown Source) ~[?:1.8.0_431]
	at java.lang.ClassLoader.loadClass(Unknown Source) ~[?:1.8.0_431]
	at java.lang.ClassLoader.defineClass1(Native Method) ~[?:1.8.0_431]
	at java.lang.ClassLoader.defineClass(Unknown Source) ~[?:1.8.0_431]
	at java.security.SecureClassLoader.defineClass(Unknown Source) ~[?:1.8.0_431]
	at net.minecraft.launchwrapper.LaunchClassLoader.findClass(LaunchClassLoader.java:182) ~[launchwrapper-1.12.jar:?]
	at java.lang.ClassLoader.loadClass(Unknown Source) ~[?:1.8.0_431]
	at java.lang.ClassLoader.loadClass(Unknown Source) ~[?:1.8.0_431]
	at java.lang.ClassLoader.defineClass1(Native Method) ~[?:1.8.0_431]
	at java.lang.ClassLoader.defineClass(Unknown Source) ~[?:1.8.0_431]
	at java.security.SecureClassLoader.defineClass(Unknown Source) ~[?:1.8.0_431]
	at net.minecraft.launchwrapper.LaunchClassLoader.findClass(LaunchClassLoader.java:182) ~[launchwrapper-1.12.jar:?]
	at java.lang.ClassLoader.loadClass(Unknown Source) ~[?:1.8.0_431]
	at java.lang.ClassLoader.loadClass(Unknown Source) ~[?:1.8.0_431]
	at net.minecraft.client.main.Main.main(Main.java:79) ~[Main.class:?]
	... 8 more
Caused by: java.lang.RuntimeException: java.lang.RuntimeException: Error transforming method: [net/minecraft/client/gui/inventory/GuiContainer.drawScreen(IIF)V]
	at codechicken.nei.asm.NEITransformer.transform(NEITransformer.java:431) ~[NotEnoughItems-2.7.4-GTNH-dev.jar:?]
	at net.minecraft.launchwrapper.LaunchClassLoader.runTransformers(LaunchClassLoader.java:279) ~[launchwrapper-1.12.jar:?]
	at net.minecraft.launchwrapper.LaunchClassLoader.findClass(LaunchClassLoader.java:176) ~[launchwrapper-1.12.jar:?]
	at java.lang.ClassLoader.loadClass(Unknown Source) ~[?:1.8.0_431]
	at java.lang.ClassLoader.loadClass(Unknown Source) ~[?:1.8.0_431]
	at java.lang.ClassLoader.defineClass1(Native Method) ~[?:1.8.0_431]
	at java.lang.ClassLoader.defineClass(Unknown Source) ~[?:1.8.0_431]
	at java.security.SecureClassLoader.defineClass(Unknown Source) ~[?:1.8.0_431]
	at net.minecraft.launchwrapper.LaunchClassLoader.findClass(LaunchClassLoader.java:182) ~[launchwrapper-1.12.jar:?]
	at java.lang.ClassLoader.loadClass(Unknown Source) ~[?:1.8.0_431]
	at java.lang.ClassLoader.loadClass(Unknown Source) ~[?:1.8.0_431]
	at java.lang.ClassLoader.defineClass1(Native Method) ~[?:1.8.0_431]
	at java.lang.ClassLoader.defineClass(Unknown Source) ~[?:1.8.0_431]
	at java.security.SecureClassLoader.defineClass(Unknown Source) ~[?:1.8.0_431]
	at net.minecraft.launchwrapper.LaunchClassLoader.findClass(LaunchClassLoader.java:182) ~[launchwrapper-1.12.jar:?]
	at java.lang.ClassLoader.loadClass(Unknown Source) ~[?:1.8.0_431]
	at java.lang.ClassLoader.loadClass(Unknown Source) ~[?:1.8.0_431]
	at net.minecraft.client.main.Main.main(Main.java:79) ~[Main.class:?]
	... 8 more
Caused by: java.lang.RuntimeException: Error transforming method: [net/minecraft/client/gui/inventory/GuiContainer.drawScreen(IIF)V]
	at codechicken.lib.asm.ModularASMTransformer$MethodTransformer.transform(ModularASMTransformer.java:100) ~[CodeChickenCore-1.4.0-dev.jar:?]
	at codechicken.lib.asm.ModularASMTransformer$ClassNodeTransformerList.transform(ModularASMTransformer.java:45) ~[CodeChickenCore-1.4.0-dev.jar:?]
	at codechicken.lib.asm.ModularASMTransformer.transform(ModularASMTransformer.java:290) ~[CodeChickenCore-1.4.0-dev.jar:?]
	at codechicken.nei.asm.NEITransformer.transform(NEITransformer.java:429) ~[NotEnoughItems-2.7.4-GTNH-dev.jar:?]
	at net.minecraft.launchwrapper.LaunchClassLoader.runTransformers(LaunchClassLoader.java:279) ~[launchwrapper-1.12.jar:?]
	at net.minecraft.launchwrapper.LaunchClassLoader.findClass(LaunchClassLoader.java:176) ~[launchwrapper-1.12.jar:?]
	at java.lang.ClassLoader.loadClass(Unknown Source) ~[?:1.8.0_431]
	at java.lang.ClassLoader.loadClass(Unknown Source) ~[?:1.8.0_431]
	at java.lang.ClassLoader.defineClass1(Native Method) ~[?:1.8.0_431]
	at java.lang.ClassLoader.defineClass(Unknown Source) ~[?:1.8.0_431]
	at java.security.SecureClassLoader.defineClass(Unknown Source) ~[?:1.8.0_431]
	at net.minecraft.launchwrapper.LaunchClassLoader.findClass(LaunchClassLoader.java:182) ~[launchwrapper-1.12.jar:?]
	at java.lang.ClassLoader.loadClass(Unknown Source) ~[?:1.8.0_431]
	at java.lang.ClassLoader.loadClass(Unknown Source) ~[?:1.8.0_431]
	at java.lang.ClassLoader.defineClass1(Native Method) ~[?:1.8.0_431]
	at java.lang.ClassLoader.defineClass(Unknown Source) ~[?:1.8.0_431]
	at java.security.SecureClassLoader.defineClass(Unknown Source) ~[?:1.8.0_431]
	at net.minecraft.launchwrapper.LaunchClassLoader.findClass(LaunchClassLoader.java:182) ~[launchwrapper-1.12.jar:?]
	at java.lang.ClassLoader.loadClass(Unknown Source) ~[?:1.8.0_431]
	at java.lang.ClassLoader.loadClass(Unknown Source) ~[?:1.8.0_431]
	at net.minecraft.client.main.Main.main(Main.java:79) ~[Main.class:?]
	... 8 more
Caused by: java.lang.RuntimeException: Needle not found in Haystack:
    ALOAD 0
    GETFIELD net/minecraft/client/gui/inventory/GuiContainer.manager : Lcodechicken/nei/guihook/GuiContainerManager;
    INVOKEVIRTUAL codechicken/nei/guihook/GuiContainerManager.preDraw ()V
   L0
    LINENUMBER 189 L0
    ALOAD 0
    GETFIELD net/minecraft/client/gui/inventory/GuiContainer.manager : Lcodechicken/nei/guihook/GuiContainerManager;
    INVOKEVIRTUAL codechicken/nei/guihook/GuiContainerManager.preDraw ()V
   L1
    LINENUMBER 90 L1
    ALOAD 0
    INVOKEVIRTUAL net/minecraft/client/gui/inventory/GuiContainer.drawDefaultBackground ()V
   L2
    LINENUMBER 91 L2
    ALOAD 0
    GETFIELD net/minecraft/client/gui/inventory/GuiContainer.guiLeft : I
    ISTORE 4
   L3
    LINENUMBER 92 L3
    ALOAD 0
    GETFIELD net/minecraft/client/gui/inventory/GuiContainer.guiTop : I
    ISTORE 5
   L4
    LINENUMBER 93 L4
    ALOAD 0
    FLOAD 3
    ILOAD 1
    ILOAD 2
    INVOKEVIRTUAL net/minecraft/client/gui/inventory/GuiContainer.drawGuiContainerBackgroundLayer (FII)V
   L5
    LINENUMBER 94 L5
    LDC 32826
    INVOKESTATIC org/lwjgl/opengl/GL11.glDisable (I)V
   L6
    LINENUMBER 95 L6
    INVOKESTATIC net/minecraft/client/renderer/RenderHelper.disableStandardItemLighting ()V
   L7
    LINENUMBER 96 L7
    SIPUSH 2896
    INVOKESTATIC org/lwjgl/opengl/GL11.glDisable (I)V
   L8
    LINENUMBER 97 L8
    SIPUSH 2929
    INVOKESTATIC org/lwjgl/opengl/GL11.glDisable (I)V
   L9
    LINENUMBER 98 L9
    ALOAD 0
    ILOAD 1
    ILOAD 2
    FLOAD 3
    INVOKESPECIAL net/minecraft/client/gui/GuiScreen.drawScreen (IIF)V
   L10
    LINENUMBER 99 L10
    INVOKESTATIC net/minecraft/client/renderer/RenderHelper.enableGUIStandardItemLighting ()V
   L11
    LINENUMBER 100 L11
    INVOKESTATIC org/lwjgl/opengl/GL11.glPushMatrix ()V
   L12
    LINENUMBER 101 L12
    ILOAD 4
    I2F
    ILOAD 5
    I2F
    FCONST_0
    INVOKESTATIC org/lwjgl/opengl/GL11.glTranslatef (FFF)V
   L13
    LINENUMBER 102 L13
    FCONST_1
    FCONST_1
    FCONST_1
    FCONST_1
    INVOKESTATIC org/lwjgl/opengl/GL11.glColor4f (FFFF)V
   L14
    LINENUMBER 103 L14
    LDC 32826
    INVOKESTATIC org/lwjgl/opengl/GL11.glEnable (I)V
   L15
    LINENUMBER 104 L15
    ALOAD 0
    ACONST_NULL
    PUTFIELD net/minecraft/client/gui/inventory/GuiContainer.theSlot : Lnet/minecraft/inventory/Slot;
   L16
    LINENUMBER 105 L16
    SIPUSH 240
    ISTORE 6
   L17
    LINENUMBER 106 L17
    SIPUSH 240
    ISTORE 7
   L18
    LINENUMBER 107 L18
    GETSTATIC net/minecraft/client/renderer/OpenGlHelper.lightmapTexUnit : I
    ILOAD 6
    I2F
    FCONST_1
    FDIV
    ILOAD 7
    I2F
    FCONST_1
    FDIV
    INVOKESTATIC net/minecraft/client/renderer/OpenGlHelper.setLightmapTextureCoords (IFF)V
   L19
    LINENUMBER 108 L19
    FCONST_1
    FCONST_1
    FCONST_1
    FCONST_1
    INVOKESTATIC org/lwjgl/opengl/GL11.glColor4f (FFFF)V
   L20
    LINENUMBER 111 L20
    ICONST_0
    ISTORE 8
   L21
    GOTO L22
   L23
    LINENUMBER 113 L23
   FRAME FULL [net/minecraft/client/gui/inventory/GuiContainer I I F I I I I I] []
    ALOAD 0
    GETFIELD net/minecraft/client/gui/inventory/GuiContainer.inventorySlots : Lnet/minecraft/inventory/Container;
    GETFIELD net/minecraft/inventory/Container.inventorySlots : Ljava/util/List;
    ILOAD 8
    INVOKEINTERFACE java/util/List.get (I)Ljava/lang/Object;
    CHECKCAST net/minecraft/inventory/Slot
    ASTORE 9
   L24
    LINENUMBER 114 L24
    ALOAD 0
    ALOAD 9
    INVOKESPECIAL net/minecraft/client/gui/inventory/GuiContainer.func_146977_a (Lnet/minecraft/inventory/Slot;)V
   L25
    LINENUMBER 116 L25
    ALOAD 0
    ALOAD 9
    ILOAD 1
    ILOAD 2
    INVOKESPECIAL net/minecraft/client/gui/inventory/GuiContainer.isMouseOverSlot (Lnet/minecraft/inventory/Slot;II)Z
    IFEQ L26
    ALOAD 9
    INVOKEVIRTUAL net/minecraft/inventory/Slot.func_111238_b ()Z
    IFEQ L26
    ALOAD 0
    GETFIELD net/minecraft/client/gui/inventory/GuiContainer.manager : Lcodechicken/nei/guihook/GuiContainerManager;
    ILOAD 1
    ILOAD 2
    INVOKEVIRTUAL codechicken/nei/guihook/GuiContainerManager.objectUnderMouse (II)Z
    IFNE L26
    ALOAD 0
    GETFIELD net/minecraft/client/gui/inventory/GuiContainer.manager : Lcodechicken/nei/guihook/GuiContainerManager;
    ILOAD 1
    ILOAD 2
    INVOKEVIRTUAL codechicken/nei/guihook/GuiContainerManager.objectUnderMouse (II)Z
    IFNE L26
   L27
    LINENUMBER 118 L27
    ALOAD 0
    ALOAD 9
    PUTFIELD net/minecraft/client/gui/inventory/GuiContainer.theSlot : Lnet/minecraft/inventory/Slot;
   L28
    LINENUMBER 119 L28
    SIPUSH 2896
    INVOKESTATIC org/lwjgl/opengl/GL11.glDisable (I)V
   L29
    LINENUMBER 120 L29
    SIPUSH 2929
    INVOKESTATIC org/lwjgl/opengl/GL11.glDisable (I)V
   L30
    LINENUMBER 121 L30
    ALOAD 9
    GETFIELD net/minecraft/inventory/Slot.xDisplayPosition : I
    ISTORE 10
   L31
    LINENUMBER 122 L31
    ALOAD 9
    GETFIELD net/minecraft/inventory/Slot.yDisplayPosition : I
    ISTORE 11
   L32
    LINENUMBER 123 L32
    ICONST_1
    ICONST_1
    ICONST_1
    ICONST_0
    INVOKESTATIC org/lwjgl/opengl/GL11.glColorMask (ZZZZ)V
   L33
    LINENUMBER 124 L33
    ALOAD 0
    ILOAD 10
    ILOAD 11
    ILOAD 10
    BIPUSH 16
    IADD
    ILOAD 11
    BIPUSH 16
    IADD
    LDC -2130706433
    LDC -2130706433
    INVOKEVIRTUAL net/minecraft/client/gui/inventory/GuiContainer.drawGradientRect (IIIIII)V
   L34
    LINENUMBER 125 L34
    ICONST_1
    ICONST_1
    ICONST_1
    ICONST_1
    INVOKESTATIC org/lwjgl/opengl/GL11.glColorMask (ZZZZ)V
   L35
    LINENUMBER 126 L35
    SIPUSH 2896
    INVOKESTATIC org/lwjgl/opengl/GL11.glEnable (I)V
   L36
    LINENUMBER 127 L36
    SIPUSH 2929
    INVOKESTATIC org/lwjgl/opengl/GL11.glEnable (I)V
   L26
    LINENUMBER 111 L26
   FRAME FULL [net/minecraft/client/gui/inventory/GuiContainer I I F I I I I I net/minecraft/inventory/Slot] []
    IINC 8 1
   L22
   FRAME FULL [net/minecraft/client/gui/inventory/GuiContainer I I F I I I I I] []
    ILOAD 8
    ALOAD 0
    GETFIELD net/minecraft/client/gui/inventory/GuiContainer.inventorySlots : Lnet/minecraft/inventory/Container;
    GETFIELD net/minecraft/inventory/Container.inventorySlots : Ljava/util/List;
    INVOKEINTERFACE java/util/List.size ()I
    IF_ICMPLT L23
   L37
    LINENUMBER 133 L37
    SIPUSH 2896
    INVOKESTATIC org/lwjgl/opengl/GL11.glDisable (I)V
   L38
    LINENUMBER 134 L38
    ALOAD 0
    ILOAD 1
    ILOAD 2
    INVOKEVIRTUAL net/minecraft/client/gui/inventory/GuiContainer.drawGuiContainerForegroundLayer (II)V
   L39
    LINENUMBER 135 L39
    SIPUSH 2896
    INVOKESTATIC org/lwjgl/opengl/GL11.glEnable (I)V
    ALOAD 0
    GETFIELD net/minecraft/client/gui/inventory/GuiContainer.manager : Lcodechicken/nei/guihook/GuiContainerManager;
    ILOAD 1
    ILOAD 2
    INVOKEVIRTUAL codechicken/nei/guihook/GuiContainerManager.renderObjects (II)V
    ALOAD 0
    GETFIELD net/minecraft/client/gui/inventory/GuiContainer.manager : Lcodechicken/nei/guihook/GuiContainerManager;
    ILOAD 1
    ILOAD 2
    INVOKEVIRTUAL codechicken/nei/guihook/GuiContainerManager.renderObjects (II)V
   L40
    LINENUMBER 136 L40
    ALOAD 0
    GETFIELD net/minecraft/client/gui/inventory/GuiContainer.mc : Lnet/minecraft/client/Minecraft;
    GETFIELD net/minecraft/client/Minecraft.thePlayer : Lnet/minecraft/client/entity/EntityClientPlayerMP;
    GETFIELD net/minecraft/client/entity/EntityClientPlayerMP.inventory : Lnet/minecraft/entity/player/InventoryPlayer;
    ASTORE 8
   L41
    LINENUMBER 137 L41
    ALOAD 0
    GETFIELD net/minecraft/client/gui/inventory/GuiContainer.draggedStack : Lnet/minecraft/item/ItemStack;
    IFNONNULL L42
    ALOAD 8
    INVOKEVIRTUAL net/minecraft/entity/player/InventoryPlayer.getItemStack ()Lnet/minecraft/item/ItemStack;
    GOTO L43
   L42
   FRAME FULL [net/minecraft/client/gui/inventory/GuiContainer I I F I I I I net/minecraft/entity/player/InventoryPlayer] []
    ALOAD 0
    GETFIELD net/minecraft/client/gui/inventory/GuiContainer.draggedStack : Lnet/minecraft/item/ItemStack;
   L43
   FRAME FULL [net/minecraft/client/gui/inventory/GuiContainer I I F I I I I net/minecraft/entity/player/InventoryPlayer] [net/minecraft/item/ItemStack]
    ASTORE 9
   L44
    LINENUMBER 139 L44
    ALOAD 9
    IFNULL L45
   L46
    LINENUMBER 141 L46
    BIPUSH 8
    ISTORE 10
   L47
    LINENUMBER 142 L47
    ALOAD 0
    GETFIELD net/minecraft/client/gui/inventory/GuiContainer.draggedStack : Lnet/minecraft/item/ItemStack;
    IFNONNULL L48
    BIPUSH 8
    GOTO L49
   L48
   FRAME FULL [net/minecraft/client/gui/inventory/GuiContainer I I F I I I I net/minecraft/entity/player/InventoryPlayer net/minecraft/item/ItemStack I] []
    BIPUSH 16
   L49
   FRAME FULL [net/minecraft/client/gui/inventory/GuiContainer I I F I I I I net/minecraft/entity/player/InventoryPlayer net/minecraft/item/ItemStack I] [I]
    ISTORE 11
   L50
    LINENUMBER 143 L50
    ACONST_NULL
    ASTORE 12
   L51
    LINENUMBER 145 L51
    ALOAD 0
    GETFIELD net/minecraft/client/gui/inventory/GuiContainer.draggedStack : Lnet/minecraft/item/ItemStack;
    IFNULL L52
    ALOAD 0
    GETFIELD net/minecraft/client/gui/inventory/GuiContainer.isRightMouseClick : Z
    IFEQ L52
   L53
    LINENUMBER 147 L53
    ALOAD 9
    INVOKEVIRTUAL net/minecraft/item/ItemStack.copy ()Lnet/minecraft/item/ItemStack;
    ASTORE 9
   L54
    LINENUMBER 148 L54
    ALOAD 9
    ALOAD 9
    GETFIELD net/minecraft/item/ItemStack.stackSize : I
    I2F
    FCONST_2
    FDIV
    INVOKESTATIC net/minecraft/util/MathHelper.ceiling_float_int (F)I
    PUTFIELD net/minecraft/item/ItemStack.stackSize : I
   L55
    LINENUMBER 149 L55
    GOTO L56
   L52
    LINENUMBER 150 L52
   FRAME FULL [net/minecraft/client/gui/inventory/GuiContainer I I F I I I I net/minecraft/entity/player/InventoryPlayer net/minecraft/item/ItemStack I I N] []
    ALOAD 0
    GETFIELD net/minecraft/client/gui/inventory/GuiContainer.field_147007_t : Z
    IFEQ L56
    ALOAD 0
    GETFIELD net/minecraft/client/gui/inventory/GuiContainer.field_147008_s : Ljava/util/Set;
    INVOKEINTERFACE java/util/Set.size ()I
    ICONST_1
    IF_ICMPLE L56
   L57
    LINENUMBER 152 L57
    ALOAD 9
    INVOKEVIRTUAL net/minecraft/item/ItemStack.copy ()Lnet/minecraft/item/ItemStack;
    ASTORE 9
   L58
    LINENUMBER 153 L58
    ALOAD 9
    ALOAD 0
    GETFIELD net/minecraft/client/gui/inventory/GuiContainer.field_146996_I : I
    PUTFIELD net/minecraft/item/ItemStack.stackSize : I
   L59
    LINENUMBER 155 L59
    ALOAD 9
    GETFIELD net/minecraft/item/ItemStack.stackSize : I
    IFNE L56
   L60
    LINENUMBER 157 L60
    NEW java/lang/StringBuilder
    DUP
    INVOKESPECIAL java/lang/StringBuilder.<init> ()V
    GETSTATIC net/minecraft/util/EnumChatFormatting.YELLOW : Lnet/minecraft/util/EnumChatFormatting;
    INVOKEVIRTUAL java/lang/StringBuilder.append (Ljava/lang/Object;)Ljava/lang/StringBuilder;
    LDC "0"
    INVOKEVIRTUAL java/lang/StringBuilder.append (Ljava/lang/String;)Ljava/lang/StringBuilder;
    INVOKEVIRTUAL java/lang/StringBuilder.toString ()Ljava/lang/String;
    ASTORE 12
   L56
    LINENUMBER 161 L56
   FRAME FULL [net/minecraft/client/gui/inventory/GuiContainer I I F I I I I net/minecraft/entity/player/InventoryPlayer net/minecraft/item/ItemStack I I java/lang/String] []
    ALOAD 0
    ALOAD 9
    ILOAD 1
    ILOAD 4
    ISUB
    ILOAD 10
    ISUB
    ILOAD 2
    ILOAD 5
    ISUB
    ILOAD 11
    ISUB
    ALOAD 12
    INVOKESPECIAL net/minecraft/client/gui/inventory/GuiContainer.drawItemStack (Lnet/minecraft/item/ItemStack;IILjava/lang/String;)V
   L45
    LINENUMBER 164 L45
   FRAME FULL [net/minecraft/client/gui/inventory/GuiContainer I I F I I I I net/minecraft/entity/player/InventoryPlayer net/minecraft/item/ItemStack] []
    ALOAD 0
    GETFIELD net/minecraft/client/gui/inventory/GuiContainer.returningStack : Lnet/minecraft/item/ItemStack;
    IFNULL L61
   L62
    LINENUMBER 166 L62
    INVOKESTATIC net/minecraft/client/Minecraft.getSystemTime ()J
    ALOAD 0
    GETFIELD net/minecraft/client/gui/inventory/GuiContainer.returningStackTime : J
    LSUB
    L2F
    LDC 100.0
    FDIV
    FSTORE 10
   L63
    LINENUMBER 168 L63
    FLOAD 10
    FCONST_1
    FCMPL
    IFLT L64
   L65
    LINENUMBER 170 L65
    FCONST_1
    FSTORE 10
   L66
    LINENUMBER 171 L66
    ALOAD 0
    ACONST_NULL
    PUTFIELD net/minecraft/client/gui/inventory/GuiContainer.returningStack : Lnet/minecraft/item/ItemStack;
   L64
    LINENUMBER 174 L64
   FRAME FULL [net/minecraft/client/gui/inventory/GuiContainer I I F I I I I net/minecraft/entity/player/InventoryPlayer net/minecraft/item/ItemStack F] []
    ALOAD 0
    GETFIELD net/minecraft/client/gui/inventory/GuiContainer.returningStackDestSlot : Lnet/minecraft/inventory/Slot;
    GETFIELD net/minecraft/inventory/Slot.xDisplayPosition : I
    ALOAD 0
    GETFIELD net/minecraft/client/gui/inventory/GuiContainer.field_147011_y : I
    ISUB
    ISTORE 11
   L67
    LINENUMBER 175 L67
    ALOAD 0
    GETFIELD net/minecraft/client/gui/inventory/GuiContainer.returningStackDestSlot : Lnet/minecraft/inventory/Slot;
    GETFIELD net/minecraft/inventory/Slot.yDisplayPosition : I
    ALOAD 0
    GETFIELD net/minecraft/client/gui/inventory/GuiContainer.field_147010_z : I
    ISUB
    ISTORE 12
   L68
    LINENUMBER 176 L68
    ALOAD 0
    GETFIELD net/minecraft/client/gui/inventory/GuiContainer.field_147011_y : I
    ILOAD 11
    I2F
    FLOAD 10
    FMUL
    F2I
    IADD
    ISTORE 13
   L69
    LINENUMBER 177 L69
    ALOAD 0
    GETFIELD net/minecraft/client/gui/inventory/GuiContainer.field_147010_z : I
    ILOAD 12
    I2F
    FLOAD 10
    FMUL
    F2I
    IADD
    ISTORE 14
   L70
    LINENUMBER 178 L70
    ALOAD 0
    ALOAD 0
    GETFIELD net/minecraft/client/gui/inventory/GuiContainer.returningStack : Lnet/minecraft/item/ItemStack;
    ILOAD 13
    ILOAD 14
    ACONST_NULL
    INVOKESPECIAL net/minecraft/client/gui/inventory/GuiContainer.drawItemStack (Lnet/minecraft/item/ItemStack;IILjava/lang/String;)V
   L61
    LINENUMBER 181 L61
   FRAME FULL [net/minecraft/client/gui/inventory/GuiContainer I I F I I I I net/minecraft/entity/player/InventoryPlayer net/minecraft/item/ItemStack] []
    INVOKESTATIC org/lwjgl/opengl/GL11.glPopMatrix ()V
    ALOAD 0
    GETFIELD net/minecraft/client/gui/inventory/GuiContainer.manager : Lcodechicken/nei/guihook/GuiContainerManager;
    ILOAD 1
    ILOAD 2
    INVOKEVIRTUAL codechicken/nei/guihook/GuiContainerManager.renderToolTips (II)V
    SIPUSH 2896
    INVOKESTATIC org/lwjgl/opengl/GL11.glEnable (I)V
   L71
    LINENUMBER 190 L71
    SIPUSH 2929
    INVOKESTATIC org/lwjgl/opengl/GL11.glEnable (I)V
   L72
    LINENUMBER 191 L72
    INVOKESTATIC net/minecraft/client/renderer/RenderHelper.enableStandardItemLighting ()V
   L73
    LINENUMBER 192 L73
    RETURN
   L74


    ALOAD 8
    INVOKEVIRTUAL net/minecraft/entity/player/InventoryPlayer.getItemStack ()Lnet/minecraft/item/ItemStack;
    IFNONNULL L0
    ALOAD 0
    GETFIELD net/minecraft/client/gui/inventory/GuiContainer.theSlot : Lnet/minecraft/inventory/Slot;
    IFNULL L0
    ALOAD 0
    GETFIELD net/minecraft/client/gui/inventory/GuiContainer.theSlot : Lnet/minecraft/inventory/Slot;
    INVOKEVIRTUAL net/minecraft/inventory/Slot.getHasStack ()Z
    IFEQ L0
    ALOAD 0
    GETFIELD net/minecraft/client/gui/inventory/GuiContainer.theSlot : Lnet/minecraft/inventory/Slot;
    INVOKEVIRTUAL net/minecraft/inventory/Slot.getStack ()Lnet/minecraft/item/ItemStack;
    ASTORE 10
    ALOAD 0
    ALOAD 10
    ILOAD 1
    ILOAD 2
    INVOKEVIRTUAL net/minecraft/client/gui/inventory/GuiContainer.renderToolTip (Lnet/minecraft/item/ItemStack;II)V
   L0

	at codechicken.lib.asm.InsnComparator.findN(InsnComparator.java:202) ~[CodeChickenCore-1.4.0-dev.jar:?]
	at codechicken.lib.asm.InsnComparator.findN(InsnComparator.java:208) ~[CodeChickenCore-1.4.0-dev.jar:?]
	at codechicken.lib.asm.ModularASMTransformer$MethodReplacer.transform(ModularASMTransformer.java:243) ~[CodeChickenCore-1.4.0-dev.jar:?]
	at codechicken.lib.asm.ModularASMTransformer$MethodTransformer.transform(ModularASMTransformer.java:98) ~[CodeChickenCore-1.4.0-dev.jar:?]
	at codechicken.lib.asm.ModularASMTransformer$ClassNodeTransformerList.transform(ModularASMTransformer.java:45) ~[CodeChickenCore-1.4.0-dev.jar:?]
	at codechicken.lib.asm.ModularASMTransformer.transform(ModularASMTransformer.java:290) ~[CodeChickenCore-1.4.0-dev.jar:?]
	at codechicken.nei.asm.NEITransformer.transform(NEITransformer.java:429) ~[NotEnoughItems-2.7.4-GTNH-dev.jar:?]
	at net.minecraft.launchwrapper.LaunchClassLoader.runTransformers(LaunchClassLoader.java:279) ~[launchwrapper-1.12.jar:?]
	at net.minecraft.launchwrapper.LaunchClassLoader.findClass(LaunchClassLoader.java:176) ~[launchwrapper-1.12.jar:?]
	at java.lang.ClassLoader.loadClass(Unknown Source) ~[?:1.8.0_431]
	at java.lang.ClassLoader.loadClass(Unknown Source) ~[?:1.8.0_431]
	at java.lang.ClassLoader.defineClass1(Native Method) ~[?:1.8.0_431]
	at java.lang.ClassLoader.defineClass(Unknown Source) ~[?:1.8.0_431]
	at java.security.SecureClassLoader.defineClass(Unknown Source) ~[?:1.8.0_431]
	at net.minecraft.launchwrapper.LaunchClassLoader.findClass(LaunchClassLoader.java:182) ~[launchwrapper-1.12.jar:?]
	at java.lang.ClassLoader.loadClass(Unknown Source) ~[?:1.8.0_431]
	at java.lang.ClassLoader.loadClass(Unknown Source) ~[?:1.8.0_431]
	at java.lang.ClassLoader.defineClass1(Native Method) ~[?:1.8.0_431]
	at java.lang.ClassLoader.defineClass(Unknown Source) ~[?:1.8.0_431]
	at java.security.SecureClassLoader.defineClass(Unknown Source) ~[?:1.8.0_431]
	at net.minecraft.launchwrapper.LaunchClassLoader.findClass(LaunchClassLoader.java:182) ~[launchwrapper-1.12.jar:?]
	at java.lang.ClassLoader.loadClass(Unknown Source) ~[?:1.8.0_431]
	at java.lang.ClassLoader.loadClass(Unknown Source) ~[?:1.8.0_431]
	at net.minecraft.client.main.Main.main(Main.java:79) ~[Main.class:?]
	... 8 more
[00:46:37] [main/INFO] [STDERR/]: [java.lang.Throwable$WrappedPrintStream:println:-1]: cpw.mods.fml.relauncher.FMLSecurityManager$ExitTrappedException
[00:46:37] [main/INFO] [STDERR/]: [java.lang.Throwable$WrappedPrintStream:println:-1]: 	at cpw.mods.fml.relauncher.FMLSecurityManager.checkPermission(FMLSecurityManager.java:25)
[00:46:37] [main/INFO] [STDERR/]: [java.lang.Throwable$WrappedPrintStream:println:-1]: 	at java.lang.SecurityManager.checkExit(Unknown Source)
[00:46:37] [main/INFO] [STDERR/]: [java.lang.Throwable$WrappedPrintStream:println:-1]: 	at java.lang.Runtime.exit(Unknown Source)
[00:46:37] [main/INFO] [STDERR/]: [java.lang.Throwable$WrappedPrintStream:println:-1]: 	at java.lang.System.exit(Unknown Source)
[00:46:37] [main/INFO] [STDERR/]: [java.lang.Throwable$WrappedPrintStream:println:-1]: 	at net.minecraft.launchwrapper.Launch.launch(Launch.java:138)
[00:46:37] [main/INFO] [STDERR/]: [java.lang.Throwable$WrappedPrintStream:println:-1]: 	at net.minecraft.launchwrapper.Launch.main(Launch.java:28)
[00:46:37] [main/INFO] [STDERR/]: [java.lang.Throwable$WrappedPrintStream:println:-1]: 	at net.minecraftforge.gradle.GradleStartCommon.launch(GradleStartCommon.java:97)
[00:46:37] [main/INFO] [STDERR/]: [java.lang.Throwable$WrappedPrintStream:println:-1]: 	at GradleStart.main(GradleStart.java:40)
