[00:43:56] [main/DEBUG] [FML/]: Injecting tracing printstreams for STDOUT/STDERR.
[00:43:56] [main/INFO] [FML/]: Forge Mod Loader version 7.99.40.1614 for Minecraft 1.7.10 loading
[00:43:56] [main/INFO] [FML/]: Java is Java HotSpot(TM) 64-Bit Server VM, version 1.8.0_431, running on Windows 10:amd64:10.0, installed at C:\Program Files\Java\jre1.8.0_431
[00:43:56] [main/DEBUG] [FML/]: Java classpath at launch is C:\Users\jorjo\Downloads\Television\starter\bin\main;C:\Users\jorjo\Downloads\Television\starter\bin\injectedTags;C:\Users\jorjo\Downloads\Television\starter\bin\mcLauncher;C:\Users\jorjo\Downloads\Television\starter\bin\patchedMc;C:\Users\jorjo\.gradle\caches\modules-2\files-2.1\org.lwjgl.lwjgl\lwjgl_util\2.9.4-nightly-20150209\d51a7c040a721d13efdfbd34f8b257b2df882ad0\lwjgl_util-2.9.4-nightly-20150209.jar;C:\Users\jorjo\.gradle\caches\modules-2\files-2.1\org.lwjgl.lwjgl\lwjgl\2.9.4-nightly-20150209\697517568c68e78ae0b4544145af031c81082dfe\lwjgl-2.9.4-nightly-20150209.jar;C:\Users\jorjo\.gradle\caches\modules-2\files-2.1\org.lwjgl.lwjgl\lwjgl-platform\2.9.4-nightly-20150209\b84d5102b9dbfabfeb5e43c7e2828d98a7fc80e0\lwjgl-platform-2.9.4-nightly-20150209-natives-windows.jar;C:\Users\jorjo\.gradle\caches\modules-2\files-2.1\org.lwjgl.lwjgl\lwjgl-platform\2.9.4-nightly-20150209\931074f46c795d2f7b30ed6395df5715cfd7675b\lwjgl-platform-2.9.4-nightly-20150209-natives-linux.jar;C:\Users\jorjo\.gradle\caches\modules-2\files-2.1\org.lwjgl.lwjgl\lwjgl-platform\2.9.4-nightly-20150209\bcab850f8f487c3f4c4dbabde778bb82bd1a40ed\lwjgl-platform-2.9.4-nightly-20150209-natives-osx.jar;C:\Users\jorjo\.gradle\caches\modules-2\files-2.1\me.eigenraven.java8unsupported\java-8-unsupported-shim\1.0.0\2d0687782e2d091a6f3cf4709c54368fe6ab47e8\java-8-unsupported-shim-1.0.0.jar;C:\Users\jorjo\.gradle\caches\modules-2\files-2.1\net.minecraft\launchwrapper\1.12\111e7bea9c968cdb3d06ef4632bf7ff0824d0f36\launchwrapper-1.12.jar;C:\Users\jorjo\.gradle\caches\modules-2\files-2.1\com.mojang\authlib\1.5.21\aefba0d5b53fbcb70860bc8046ab95d5854c07a5\authlib-1.5.21.jar;C:\Users\jorjo\.gradle\caches\modules-2\files-2.1\com.google.code.findbugs\jsr305\2.0.1\516c03b21d50a644d538de0f0369c620989cd8f0\jsr305-2.0.1.jar;C:\Users\jorjo\.gradle\caches\modules-2\files-2.1\com.typesafe.akka\akka-actor_2.11\2.3.3\ed62e9fc709ca0f2ff1a3220daa8b70a2870078e\akka-actor_2.11-2.3.3.jar;C:\Users\jorjo\.gradle\caches\modules-2\files-2.1\com.typesafe\config\1.2.1\f771f71fdae3df231bcd54d5ca2d57f0bf93f467\config-1.2.1.jar;C:\Users\jorjo\.gradle\caches\modules-2\files-2.1\org.scala-lang\scala-actors-migration_2.11\1.1.0\dfa8bc42b181d5b9f1a5dd147f8ae308b893eb6f\scala-actors-migration_2.11-1.1.0.jar;C:\Users\jorjo\.gradle\caches\modules-2\files-2.1\org.scala-lang\scala-compiler\2.11.5\eb2631e425d240f55ffc060c3262caa4d05d8d1a\scala-compiler-2.11.5.jar;C:\Users\jorjo\.gradle\caches\modules-2\files-2.1\org.scala-lang.plugins\scala-continuations-library_2.11\1.0.2\e517c53a7e9acd6b1668c5a35eccbaa3bab9aac\scala-continuations-library_2.11-1.0.2.jar;C:\Users\jorjo\.gradle\caches\modules-2\files-2.1\org.scala-lang.plugins\scala-continuations-plugin_2.11.1\1.0.2\f361a3283452c57fa30c1ee69448995de23c60f7\scala-continuations-plugin_2.11.1-1.0.2.jar;C:\Users\jorjo\.gradle\caches\modules-2\files-2.1\org.scala-lang\scala-library\2.11.5\a5544bb030c5e6c3d81ad116b7dc5024f047df26\scala-library-2.11.5.jar;C:\Users\jorjo\.gradle\caches\modules-2\files-2.1\org.scala-lang\scala-parser-combinators_2.11\1.0.1\f05d7345bf5a58924f2837c6c1f4d73a938e1ff0\scala-parser-combinators_2.11-1.0.1.jar;C:\Users\jorjo\.gradle\caches\modules-2\files-2.1\org.scala-lang\scala-reflect\2.11.5\69ce65b0f0767c4e5eafaf789fdde7aab78bd9d\scala-reflect-2.11.5.jar;C:\Users\jorjo\.gradle\caches\modules-2\files-2.1\org.scala-lang\scala-swing_2.11\1.0.1\b1cdd92bd47b1e1837139c1c53020e86bb9112ae\scala-swing_2.11-1.0.1.jar;C:\Users\jorjo\.gradle\caches\modules-2\files-2.1\org.scala-lang\scala-xml_2.11\1.0.2\7a80ec00aec122fba7cd4e0d4cdd87ff7e4cb6d0\scala-xml_2.11-1.0.2.jar;C:\Users\jorjo\.gradle\caches\modules-2\files-2.1\lzma\lzma\0.0.1\521616dc7487b42bef0e803bd2fa3faf668101d7\lzma-0.0.1.jar;C:\Users\jorjo\.gradle\caches\modules-2\files-2.1\org.ow2.asm\asm-debug-all\5.0.3\f9e364ae2a66ce2a543012a4668856e84e5dab74\asm-debug-all-5.0.3.jar;C:\Users\jorjo\.gradle\caches\modules-2\files-2.1\com.github.GTNewHorizons\NotEnoughItems\2.7.4-GTNH\86b7c28a7e2a357ec04763ce60cfc4f3b85135db\NotEnoughItems-2.7.4-GTNH-dev.jar;C:\Users\jorjo\.gradle\caches\modules-2\files-2.1\com.paulscode\codecjorbis\20101023\c73b5636faf089d9f00e8732a829577de25237ee\codecjorbis-20101023.jar;C:\Users\jorjo\.gradle\caches\modules-2\files-2.1\com.paulscode\codecwav\20101023\12f031cfe88fef5c1dd36c563c0a3a69bd7261da\codecwav-20101023.jar;C:\Users\jorjo\.gradle\caches\modules-2\files-2.1\com.paulscode\libraryjavasound\20101123\5c5e304366f75f9eaa2e8cca546a1fb6109348b3\libraryjavasound-20101123.jar;C:\Users\jorjo\.gradle\caches\modules-2\files-2.1\com.paulscode\librarylwjglopenal\20100824\73e80d0794c39665aec3f62eee88ca91676674ef\librarylwjglopenal-20100824.jar;C:\Users\jorjo\.gradle\caches\modules-2\files-2.1\com.paulscode\soundsystem\20120107\419c05fe9be71f792b2d76cfc9b67f1ed0fec7f6\soundsystem-20120107.jar;C:\Users\jorjo\.gradle\caches\modules-2\files-2.1\com.mojang\netty\1.8.8\a796914d1c8a55b4da9f4a8856dd9623375d8bb\netty-1.8.8.jar;C:\Users\jorjo\.gradle\caches\modules-2\files-2.1\com.mojang\realms\1.3.5\807ae355ee63583becd7ea60e76aab1532bb42e\realms-1.3.5.jar;C:\Users\jorjo\.gradle\caches\modules-2\files-2.1\org.apache.commons\commons-compress\1.8.1\a698750c16740fd5b3871425f4cb3bbaa87f529d\commons-compress-1.8.1.jar;C:\Users\jorjo\.gradle\caches\modules-2\files-2.1\org.apache.httpcomponents\httpclient\4.3.3\18f4247ff4572a074444572cee34647c43e7c9c7\httpclient-4.3.3.jar;C:\Users\jorjo\.gradle\caches\modules-2\files-2.1\commons-logging\commons-logging\1.1.3\f6f66e966c70a83ffbdb6f17a0919eaf7c8aca7f\commons-logging-1.1.3.jar;C:\Users\jorjo\.gradle\caches\modules-2\files-2.1\org.apache.httpcomponents\httpcore\4.3.2\31fbbff1ddbf98f3aa7377c94d33b0447c646b6e\httpcore-4.3.2.jar;C:\Users\jorjo\.gradle\caches\modules-2\files-2.1\java3d\vecmath\1.3.1\a0ae4f51da409fa0c20fa0ca59e6bbc9413ae71d\vecmath-1.3.1.jar;C:\Users\jorjo\.gradle\caches\modules-2\files-2.1\net.sf.trove4j\trove4j\3.0.3\42ccaf4761f0dfdfa805c9e340d99a755907e2dd\trove4j-3.0.3.jar;C:\Users\jorjo\.gradle\caches\modules-2\files-2.1\com.ibm.icu\icu4j-core-mojang\51.2\63d216a9311cca6be337c1e458e587f99d382b84\icu4j-core-mojang-51.2.jar;C:\Users\jorjo\.gradle\caches\modules-2\files-2.1\net.sf.jopt-simple\jopt-simple\4.5\6065cc95c661255349c1d0756657be17c29a4fd3\jopt-simple-4.5.jar;C:\Users\jorjo\.gradle\caches\modules-2\files-2.1\io.netty\netty-all\4.0.10.Final\9e50bd52ffe257a0e2cd8d971688d6ce7d174325\netty-all-4.0.10.Final.jar;C:\Users\jorjo\.gradle\caches\modules-2\files-2.1\com.google.guava\guava\17.0\9c6ef172e8de35fd8d4d8783e4821e57cdef7445\guava-17.0.jar;C:\Users\jorjo\.gradle\caches\modules-2\files-2.1\org.apache.commons\commons-lang3\3.3.2\90a3822c38ec8c996e84c16a3477ef632cbc87a3\commons-lang3-3.3.2.jar;C:\Users\jorjo\.gradle\caches\modules-2\files-2.1\commons-io\commons-io\2.4\b1b6ea3b7e4aa4f492509a4952029cd8e48019ad\commons-io-2.4.jar;C:\Users\jorjo\.gradle\caches\modules-2\files-2.1\commons-codec\commons-codec\1.9\9ce04e34240f674bc72680f8b843b1457383161a\commons-codec-1.9.jar;C:\Users\jorjo\.gradle\caches\modules-2\files-2.1\net.java.jinput\jinput\2.0.5\39c7796b469a600f72380316f6b1f11db6c2c7c4\jinput-2.0.5.jar;C:\Users\jorjo\.gradle\caches\modules-2\files-2.1\net.java.jutils\jutils\1.0.0\e12fe1fda814bd348c1579329c86943d2cd3c6a6\jutils-1.0.0.jar;C:\Users\jorjo\.gradle\caches\modules-2\files-2.1\com.google.code.gson\gson\2.2.4\a60a5e993c98c864010053cb901b7eab25306568\gson-2.2.4.jar;C:\Users\jorjo\.gradle\caches\modules-2\files-2.1\org.apache.logging.log4j\log4j-api\2.0-beta9-fixed\b61eaf2e64d8b0277e188262a8b771bbfa1502b3\log4j-api-2.0-beta9-fixed.jar;C:\Users\jorjo\.gradle\caches\modules-2\files-2.1\org.apache.logging.log4j\log4j-core\2.0-beta9-fixed\677991ea2d7426f76309a73739cecf609679492c\log4j-core-2.0-beta9-fixed.jar;C:\Users\jorjo\.gradle\caches\modules-2\files-2.1\net.java.jinput\jinput-platform\2.0.5\385ee093e01f587f30ee1c8a2ee7d408fd732e16\jinput-platform-2.0.5-natives-windows.jar;C:\Users\jorjo\.gradle\caches\modules-2\files-2.1\tv.twitch\twitch\5.16\1f55f009c61637c10c0acfb8b5ffc600f30044b4\twitch-5.16.jar;C:\Users\jorjo\.gradle\caches\modules-2\files-2.1\tv.twitch\twitch-platform\5.16\39d0c3d363735b4785598e0e7fbf8297c706a9f9\twitch-platform-5.16-natives-windows-64.jar;C:\Users\jorjo\.gradle\caches\modules-2\files-2.1\tv.twitch\twitch-platform\5.16\7c6affe439099806a4f552da14c42f9d643d8b23\twitch-platform-5.16-natives-windows-32.jar;C:\Users\jorjo\.gradle\caches\modules-2\files-2.1\tv.twitch\twitch-platform\5.16\62503ee712766cf77f97252e5902786fd834b8c5\twitch-platform-5.16-natives-osx.jar;C:\Users\jorjo\.gradle\caches\modules-2\files-2.1\tv.twitch\twitch-external-platform\4.5\c3cde57891b935d41b6680a9c5e1502eeab76d86\twitch-external-platform-4.5-natives-windows-64.jar;C:\Users\jorjo\.gradle\caches\modules-2\files-2.1\tv.twitch\twitch-external-platform\4.5\18215140f010c05b9f86ef6f0f8871954d2ccebf\twitch-external-platform-4.5-natives-windows-32.jar;C:\Users\jorjo\.gradle\caches\modules-2\files-2.1\com.github.GTNewHorizons\CodeChickenCore\1.4.0\a680e0f45e839e1b3c27e5b4ae99da860a5cfb0e\CodeChickenCore-1.4.0-dev.jar;C:\Users\jorjo\.gradle\caches\modules-2\files-2.1\net.java.jinput\jinput-platform\2.0.5\7ff832a6eb9ab6a767f1ade2b548092d0fa64795\jinput-platform-2.0.5-natives-linux.jar;C:\Users\jorjo\.gradle\caches\modules-2\files-2.1\net.java.jinput\jinput-platform\2.0.5\53f9c919f34d2ca9de8c51fc4e1e8282029a9232\jinput-platform-2.0.5-natives-osx.jar;C:\Users\jorjo\.gradle\caches\modules-2\files-2.1\com.github.bsideup.jabel\jabel-javac-plugin\1.0.1\bb8438165ad73915c66d63ee316895817e645455\jabel-javac-plugin-1.0.1.jar
[00:43:56] [main/DEBUG] [FML/]: Java library path at launch is C:\Users\jorjo\Downloads\Television\starter\run\natives\lwjgl2
[00:43:56] [main/INFO] [FML/]: Managed to load a deobfuscated Minecraft name- we are in a deobfuscated environment. Skipping runtime deobfuscation
[00:43:56] [main/DEBUG] [FML/]: Instantiating coremod class FMLCorePlugin
[00:43:56] [main/DEBUG] [FML/]: Added access transformer class cpw.mods.fml.common.asm.transformers.AccessTransformer to enqueued access transformers
[00:43:57] [main/DEBUG] [FML/]: Enqueued coremod FMLCorePlugin
[00:43:57] [main/DEBUG] [FML/]: Instantiating coremod class FMLForgePlugin
[00:43:57] [main/DEBUG] [FML/]: Added access transformer class net.minecraftforge.transformers.ForgeAccessTransformer to enqueued access transformers
[00:43:57] [main/DEBUG] [FML/]: Enqueued coremod FMLForgePlugin
[00:43:57] [main/DEBUG] [FML/]: All fundamental core mods are successfully located
[00:43:57] [main/INFO] [FML/]: Found a command line coremod : codechicken.nei.asm.NEICorePlugin
[00:43:57] [main/DEBUG] [FML/]: Instantiating coremod class NEICorePlugin
[00:43:57] [main/DEBUG] [FML/]: The coremod codechicken.nei.asm.NEICorePlugin requested minecraft version 1.7.10 and minecraft is 1.7.10. It will be loaded.
[00:43:57] [main/DEBUG] [FML/]: Enqueued coremod NEICorePlugin
[00:43:57] [main/INFO] [FML/]: Found a command line coremod : codechicken.core.launch.CodeChickenCorePlugin
[00:43:57] [main/DEBUG] [FML/]: Instantiating coremod class CodeChickenCorePlugin
[00:43:57] [main/DEBUG] [FML/]: The coremod codechicken.core.launch.CodeChickenCorePlugin requested minecraft version 1.7.10 and minecraft is 1.7.10. It will be loaded.
[00:43:57] [main/DEBUG] [FML/]: Added access transformer class codechicken.core.asm.CodeChickenAccessTransformer to enqueued access transformers
[00:43:57] [main/DEBUG] [FML/]: Enqueued coremod CodeChickenCorePlugin
[00:43:57] [main/DEBUG] [FML/]: Attempting to load commandline specified mods, relative to C:\Users\jorjo\Downloads\Television\starter\.
[00:43:57] [main/DEBUG] [FML/]: Discovering coremods
[00:43:57] [main/INFO] [LaunchWrapper/]: Calling tweak class net.minecraftforge.gradle.tweakers.CoremodTweaker
[00:43:57] [main/INFO] [GradleStart/]: Injecting location in coremod cpw.mods.fml.relauncher.FMLCorePlugin
[00:43:57] [main/INFO] [GradleStart/]: Injecting location in coremod net.minecraftforge.classloading.FMLForgePlugin
[00:43:57] [main/INFO] [GradleStart/]: Injecting location in coremod codechicken.core.asm.MCPDeobfuscationTransformer.LoadPlugin
[00:43:57] [main/INFO] [GradleStart/]: Injecting location in coremod codechicken.nei.asm.NEICorePlugin
[00:43:57] [main/INFO] [GradleStart/]: Injecting location in coremod codechicken.core.launch.CodeChickenCorePlugin
[00:43:57] [main/INFO] [LaunchWrapper/]: Loading tweak class name cpw.mods.fml.common.launcher.FMLInjectionAndSortingTweaker
[00:43:57] [main/INFO] [LaunchWrapper/]: Loading tweak class name cpw.mods.fml.common.launcher.FMLDeobfTweaker
[00:43:57] [main/INFO] [LaunchWrapper/]: Loading tweak class name net.minecraftforge.gradle.tweakers.AccessTransformerTweaker
[00:43:57] [main/INFO] [LaunchWrapper/]: Calling tweak class cpw.mods.fml.common.launcher.FMLInjectionAndSortingTweaker
[00:43:57] [main/INFO] [LaunchWrapper/]: Calling tweak class cpw.mods.fml.common.launcher.FMLInjectionAndSortingTweaker
[00:43:57] [main/INFO] [LaunchWrapper/]: Calling tweak class cpw.mods.fml.relauncher.CoreModManager$FMLPluginWrapper
[00:43:57] [main/DEBUG] [FML/]: Injecting coremod FMLCorePlugin {cpw.mods.fml.relauncher.FMLCorePlugin} class transformers
[00:43:57] [main/TRACE] [FML/]: Registering transformer cpw.mods.fml.common.asm.transformers.MarkerTransformer
[00:43:57] [main/TRACE] [FML/]: Registering transformer cpw.mods.fml.common.asm.transformers.SideTransformer
[00:43:57] [main/TRACE] [FML/]: Registering transformer cpw.mods.fml.common.asm.transformers.EventSubscriptionTransformer
[00:43:57] [main/DEBUG] [FML/]: Injection complete
[00:43:57] [main/DEBUG] [FML/]: Running coremod plugin for FMLCorePlugin {cpw.mods.fml.relauncher.FMLCorePlugin}
[00:43:57] [main/DEBUG] [FML/]: Running coremod plugin FMLCorePlugin
[00:43:57] [main/ERROR] [FML/]: The binary patch set is missing. Either you are in a development environment, or things are not going to work!
[00:44:02] [main/DEBUG] [FML/]: Coremod plugin class FMLCorePlugin run successfully
[00:44:02] [main/INFO] [LaunchWrapper/]: Calling tweak class cpw.mods.fml.relauncher.CoreModManager$FMLPluginWrapper
[00:44:02] [main/DEBUG] [FML/]: Injecting coremod FMLForgePlugin {net.minecraftforge.classloading.FMLForgePlugin} class transformers
[00:44:02] [main/TRACE] [FML/]: Registering transformer net.minecraftforge.classloading.FluidIdTransformer
[00:44:02] [main/DEBUG] [FML/]: Injection complete
[00:44:02] [main/DEBUG] [FML/]: Running coremod plugin for FMLForgePlugin {net.minecraftforge.classloading.FMLForgePlugin}
[00:44:02] [main/DEBUG] [FML/]: Running coremod plugin FMLForgePlugin
[00:44:02] [main/DEBUG] [FML/]: Coremod plugin class FMLForgePlugin run successfully
[00:44:02] [main/INFO] [LaunchWrapper/]: Calling tweak class cpw.mods.fml.relauncher.CoreModManager$FMLPluginWrapper
[00:44:02] [main/DEBUG] [FML/]: Injecting coremod CCCDeobfPlugin {codechicken.core.asm.MCPDeobfuscationTransformer$LoadPlugin} class transformers
[00:44:02] [main/DEBUG] [FML/]: Injection complete
[00:44:02] [main/DEBUG] [FML/]: Running coremod plugin for CCCDeobfPlugin {codechicken.core.asm.MCPDeobfuscationTransformer$LoadPlugin}
[00:44:02] [main/DEBUG] [FML/]: Running coremod plugin CCCDeobfPlugin
[00:44:02] [main/DEBUG] [FML/]: Coremod plugin class LoadPlugin run successfully
[00:44:02] [main/INFO] [LaunchWrapper/]: Calling tweak class cpw.mods.fml.relauncher.CoreModManager$FMLPluginWrapper
[00:44:02] [main/DEBUG] [FML/]: Injecting coremod NEICorePlugin {codechicken.nei.asm.NEICorePlugin} class transformers
[00:44:02] [main/TRACE] [FML/]: Registering transformer codechicken.nei.asm.NEITransformer
[00:44:02] [main/DEBUG] [FML/]: Injection complete
[00:44:02] [main/DEBUG] [FML/]: Running coremod plugin for NEICorePlugin {codechicken.nei.asm.NEICorePlugin}
[00:44:02] [main/DEBUG] [FML/]: Running coremod plugin NEICorePlugin
[00:44:02] [main/DEBUG] [FML/]: Coremod plugin class NEICorePlugin run successfully
[00:44:02] [main/INFO] [LaunchWrapper/]: Calling tweak class cpw.mods.fml.relauncher.CoreModManager$FMLPluginWrapper
[00:44:02] [main/DEBUG] [FML/]: Injecting coremod CodeChickenCorePlugin {codechicken.core.launch.CodeChickenCorePlugin} class transformers
[00:44:02] [main/TRACE] [FML/]: Registering transformer codechicken.lib.asm.ClassHeirachyManager
[00:44:02] [main/TRACE] [FML/]: Registering transformer codechicken.core.asm.TweakTransformer
[00:44:02] [main/TRACE] [FML/]: Registering transformer codechicken.core.asm.DelegatedTransformer
[00:44:02] [main/TRACE] [FML/]: Registering transformer codechicken.core.asm.DefaultImplementationTransformer
[00:44:02] [main/TRACE] [FML/]: Registering transformer codechicken.lib.asm.RedirectorTransformer
[00:44:02] [main/DEBUG] [FML/]: Injection complete
[00:44:02] [main/DEBUG] [FML/]: Running coremod plugin for CodeChickenCorePlugin {codechicken.core.launch.CodeChickenCorePlugin}
[00:44:02] [main/DEBUG] [FML/]: Running coremod plugin CodeChickenCorePlugin
[00:44:02] [main/DEBUG] [FML/]: Coremod plugin class CodeChickenCorePlugin run successfully
[00:44:02] [main/INFO] [LaunchWrapper/]: Calling tweak class cpw.mods.fml.common.launcher.FMLDeobfTweaker
[00:44:03] [main/DEBUG] [FML/]: Loaded 57 rules from AccessTransformer config file fml_at.cfg
[00:44:03] [main/DEBUG] [FML/]: Loaded 89 rules from AccessTransformer config file forge_at.cfg
[00:44:03] [main/DEBUG] [FML/]: Loaded 57 rules from AccessTransformer config file fml_at.cfg
[00:44:03] [main/DEBUG] [FML/]: Loaded 13 rules from AccessTransformer mod jar file C:\Users\jorjo\.gradle\caches\modules-2\files-2.1\com.github.GTNewHorizons\NotEnoughItems\2.7.4-GTNH\86b7c28a7e2a357ec04763ce60cfc4f3b85135db\NotEnoughItems-2.7.4-GTNH-dev.jar!META-INF/nei_at.cfg

[00:44:03] [main/DEBUG] [FML/]: Validating minecraft
[00:44:04] [main/DEBUG] [FML/]: Minecraft validated, launching...
[00:44:04] [main/INFO] [LaunchWrapper/]: Calling tweak class net.minecraftforge.gradle.tweakers.AccessTransformerTweaker
[00:44:04] [main/DEBUG] [GradleStart/]: Reading CSV file: C:\Users\jorjo\.gradle\caches\minecraft\net\minecraftforge\forge\1.7.10-10.13.4.1614-1.7.10\unpacked\conf\fields.csv
[00:44:04] [main/DEBUG] [GradleStart/]: Reading CSV file: C:\Users\jorjo\.gradle\caches\minecraft\net\minecraftforge\forge\1.7.10-10.13.4.1614-1.7.10\unpacked\conf\methods.csv
[00:44:04] [main/INFO] [GradleStart/]: Remapping AccessTransformer rules...
[00:44:04] [main/INFO] [LaunchWrapper/]: Loading tweak class name cpw.mods.fml.common.launcher.TerminalTweaker
[00:44:04] [main/INFO] [LaunchWrapper/]: Calling tweak class cpw.mods.fml.common.launcher.TerminalTweaker
[00:44:04] [main/INFO] [LaunchWrapper/]: Launching wrapped minecraft {net.minecraft.client.main.Main}
[00:44:07] [main/DEBUG] [CCL ASM/]: Inserted super call into [net/minecraft/client/renderer/InventoryEffectRenderer.updateScreen()V]
[00:44:07] [main/DEBUG] [CCL ASM/]: Writing method [net/minecraft/client/gui/inventory/GuiContainer.setWorldAndResolution(Lnet/minecraft/client/Minecraft;II)V]
[00:44:07] [main/DEBUG] [CCL ASM/]: Writing method [net/minecraft/client/gui/inventory/GuiContainer.handleKeyboardInput()V]
[00:44:07] [main/DEBUG] [CCL ASM/]: Writing method [net/minecraft/client/gui/inventory/GuiContainer.handleKeyboardInput()V]
[00:44:07] [main/DEBUG] [CCL ASM/]: Writing method [net/minecraft/client/gui/inventory/GuiContainer.handleKeyboardInput()V]
[00:44:07] [main/DEBUG] [CCL ASM/]: Writing method [net/minecraft/client/gui/inventory/GuiContainer.handleMouseInput()V]
[00:44:07] [main/DEBUG] [CCL ASM/]: Writing method [net/minecraft/client/gui/inventory/GuiContainer.public_func_73869_a(CI)V]
[00:44:07] [main/DEBUG] [CCL ASM/]: Writing method [net/minecraft/client/gui/inventory/GuiContainer.public_func_146984_a(Lnet/minecraft/inventory/Slot;III)V]
[00:44:07] [main/DEBUG] [CCL ASM/]: Injecting before method [net/minecraft/client/gui/inventory/GuiContainer.drawScreen(IIF)V]
[00:44:07] [main/DEBUG] [CCL ASM/]: Injecting after method [net/minecraft/client/gui/inventory/GuiContainer.drawScreen(IIF)V] @ 133 - 135
[00:44:07] [main/DEBUG] [CCL ASM/]: Injecting after method [net/minecraft/client/gui/inventory/GuiContainer.drawScreen(IIF)V] @ 221 - 226
[00:44:07] [main/DEBUG] [CCL ASM/]: Replacing method [net/minecraft/client/gui/inventory/GuiContainer.drawScreen(IIF)V] @ 444 - 470
[00:44:07] [main/DEBUG] [CCL ASM/]: Replacing method [net/minecraft/client/gui/inventory/GuiContainer.drawItemStack(Lnet/minecraft/item/ItemStack;IILjava/lang/String;)V] @ 9 - 10
[00:44:07] [main/DEBUG] [CCL ASM/]: Replacing method [net/minecraft/client/gui/inventory/GuiContainer.drawItemStack(Lnet/minecraft/item/ItemStack;IILjava/lang/String;)V] @ 14 - 15
[00:44:07] [main/DEBUG] [CCL ASM/]: Replacing method [net/minecraft/client/gui/inventory/GuiContainer.func_146977_a(Lnet/minecraft/inventory/Slot;)V] @ 298 - 323
[00:44:07] [main/DEBUG] [CCL ASM/]: Injecting before method [net/minecraft/client/gui/inventory/GuiContainer.mouseClicked(III)V]
[00:44:07] [main/DEBUG] [CCL ASM/]: Replacing method [net/minecraft/client/gui/inventory/GuiContainer.mouseClicked(III)V] @ 260 - 261
[00:44:07] [main/DEBUG] [CCL ASM/]: Replacing method [net/minecraft/client/gui/inventory/GuiContainer.mouseClicked(III)V] @ 336 - 337
[00:44:07] [main/DEBUG] [CCL ASM/]: Replacing method [net/minecraft/client/gui/inventory/GuiContainer.mouseClickMove(IIIJ)V] @ 100 - 101
[00:44:07] [main/DEBUG] [CCL ASM/]: Replacing method [net/minecraft/client/gui/inventory/GuiContainer.mouseClickMove(IIIJ)V] @ 109 - 110
[00:44:07] [main/DEBUG] [CCL ASM/]: Replacing method [net/minecraft/client/gui/inventory/GuiContainer.mouseClickMove(IIIJ)V] @ 120 - 121
[00:44:07] [main/DEBUG] [CCL ASM/]: Replacing method [net/minecraft/client/gui/inventory/GuiContainer.mouseMovedOrUp(III)V] @ 153 - 154
[00:44:07] [main/DEBUG] [CCL ASM/]: Replacing method [net/minecraft/client/gui/inventory/GuiContainer.mouseMovedOrUp(III)V] @ 171 - 172
[00:44:07] [main/DEBUG] [CCL ASM/]: Replacing method [net/minecraft/client/gui/inventory/GuiContainer.mouseMovedOrUp(III)V] @ 292 - 293
[00:44:07] [main/DEBUG] [CCL ASM/]: Replacing method [net/minecraft/client/gui/inventory/GuiContainer.mouseMovedOrUp(III)V] @ 300 - 301
[00:44:07] [main/DEBUG] [CCL ASM/]: Replacing method [net/minecraft/client/gui/inventory/GuiContainer.mouseMovedOrUp(III)V] @ 319 - 320
[00:44:07] [main/DEBUG] [CCL ASM/]: Replacing method [net/minecraft/client/gui/inventory/GuiContainer.mouseMovedOrUp(III)V] @ 434 - 435
[00:44:07] [main/DEBUG] [CCL ASM/]: Replacing method [net/minecraft/client/gui/inventory/GuiContainer.mouseMovedOrUp(III)V] @ 462 - 463
[00:44:07] [main/DEBUG] [CCL ASM/]: Replacing method [net/minecraft/client/gui/inventory/GuiContainer.mouseMovedOrUp(III)V] @ 479 - 480
[00:44:07] [main/DEBUG] [CCL ASM/]: Replacing method [net/minecraft/client/gui/inventory/GuiContainer.mouseMovedOrUp(III)V] @ 510 - 511
[00:44:07] [main/DEBUG] [CCL ASM/]: Replacing method [net/minecraft/client/gui/inventory/GuiContainer.mouseMovedOrUp(III)V] @ 572 - 574
[00:44:07] [main/DEBUG] [CCL ASM/]: Replacing method [net/minecraft/client/gui/inventory/GuiContainer.keyTyped(CI)V] @ 54 - 55
[00:44:07] [main/DEBUG] [CCL ASM/]: Replacing method [net/minecraft/client/gui/inventory/GuiContainer.keyTyped(CI)V] @ 86 - 87
[00:44:07] [main/DEBUG] [CCL ASM/]: Replacing method [net/minecraft/client/gui/inventory/GuiContainer.checkHotbarKeys(I)Z] @ 39 - 40
[00:44:07] [main/DEBUG] [CCL ASM/]: Writing method [net/minecraft/client/gui/inventory/GuiContainer.managerHandleMouseClick(Lnet/minecraft/inventory/Slot;III)V]
[00:44:07] [main/DEBUG] [CCL ASM/]: Injecting after method [net/minecraft/client/gui/inventory/GuiContainer.mouseClickMove(IIIJ)V] @ 14 - 15
[00:44:07] [main/DEBUG] [CCL ASM/]: Injecting before method [net/minecraft/client/gui/inventory/GuiContainer.mouseMovedOrUp(III)V]
[00:44:07] [main/DEBUG] [CCL ASM/]: NEI: Injecting mouseUp call
[00:44:07] [main/DEBUG] [CCL ASM/]: Replacing method [net/minecraft/client/gui/inventory/GuiContainer.handleMouseClick(Lnet/minecraft/inventory/Slot;III)V] @ 10 - 26
[00:44:07] [main/DEBUG] [CCL ASM/]: Injecting before method [net/minecraft/client/gui/inventory/GuiContainer.keyTyped(CI)V]
[00:44:07] [main/DEBUG] [CCL ASM/]: Injecting after method [net/minecraft/client/gui/inventory/GuiContainer.updateScreen()V] @ 0 - 4
[00:44:09] [main/DEBUG] [CCL ASM/]: Writing method [net/minecraft/block/Block.canBeReplacedByLeaves(Lnet/minecraft/world/IBlockAccess;III)Z]
[00:44:10] [main/DEBUG] [CCL ASM/]: Writing method [net/minecraft/block/BlockMobSpawner.onBlockPlacedBy(Lnet/minecraft/world/World;IIILnet/minecraft/entity/EntityLivingBase;Lnet/minecraft/item/ItemStack;)V]
[00:44:11] [main/DEBUG] [CCL ASM/]: Injecting before method [net/minecraft/nbt/NBTTagCompound.toString()Ljava/lang/String;] @ 52 - 56
[00:44:11] [main/DEBUG] [CCL ASM/]: Injecting before method [net/minecraft/nbt/NBTTagList.toString()Ljava/lang/String;] @ 55 - 59
[00:44:16] [Client thread/INFO] [STDOUT/]: [net.minecraft.client.Minecraft:displayCrashReport:388]: ---- Minecraft Crash Report ----
// Uh... Did I do that?

Time: 12/31/24 12:44 AM
Description: Initializing game

java.lang.NoClassDefFoundError: net/minecraft/client/renderer/entity/RenderItem
	at net.minecraft.client.gui.achievement.GuiAchievement.<init>(GuiAchievement.java:34)
	at net.minecraft.client.Minecraft.startGame(Minecraft.java:511)
	at net.minecraft.client.Minecraft.run(Minecraft.java:942)
	at net.minecraft.client.main.Main.main(Main.java:164)
	at sun.reflect.NativeMethodAccessorImpl.invoke0(Native Method)
	at sun.reflect.NativeMethodAccessorImpl.invoke(Unknown Source)
	at sun.reflect.DelegatingMethodAccessorImpl.invoke(Unknown Source)
	at java.lang.reflect.Method.invoke(Unknown Source)
	at net.minecraft.launchwrapper.Launch.launch(Launch.java:135)
	at net.minecraft.launchwrapper.Launch.main(Launch.java:28)
	at net.minecraftforge.gradle.GradleStartCommon.launch(GradleStartCommon.java:97)
	at GradleStart.main(GradleStart.java:40)
Caused by: java.lang.ClassNotFoundException: net.minecraft.client.renderer.entity.RenderItem
	at net.minecraft.launchwrapper.LaunchClassLoader.findClass(LaunchClassLoader.java:191)
	at java.lang.ClassLoader.loadClass(Unknown Source)
	at java.lang.ClassLoader.loadClass(Unknown Source)
	... 12 more
Caused by: java.lang.RuntimeException: java.lang.RuntimeException: Error transforming method: [net/minecraft/client/renderer/entity/RenderItem.renderGlint(IIIII)V]
	at codechicken.nei.asm.NEITransformer.transform(NEITransformer.java:431)
	at net.minecraft.launchwrapper.LaunchClassLoader.runTransformers(LaunchClassLoader.java:279)
	at net.minecraft.launchwrapper.LaunchClassLoader.findClass(LaunchClassLoader.java:176)
	... 14 more
Caused by: java.lang.RuntimeException: Error transforming method: [net/minecraft/client/renderer/entity/RenderItem.renderGlint(IIIII)V]
	at codechicken.lib.asm.ModularASMTransformer$MethodTransformer.transform(ModularASMTransformer.java:100)
	at codechicken.lib.asm.ModularASMTransformer$ClassNodeTransformerList.transform(ModularASMTransformer.java:45)
	at codechicken.lib.asm.ModularASMTransformer.transform(ModularASMTransformer.java:290)
	at codechicken.nei.asm.NEITransformer.transform(NEITransformer.java:429)
	... 16 more
Caused by: java.lang.RuntimeException: Needle not found in Haystack:
   L0
    LINENUMBER 667 L0
    ICONST_0
    ISTORE 6
   L1
    GOTO L2
   L3
    LINENUMBER 669 L3
   FRAME FULL [net/minecraft/client/renderer/entity/RenderItem I I I I I I] []
    SIPUSH 772
    ICONST_1
    ICONST_0
    ICONST_0
    INVOKESTATIC net/minecraft/client/renderer/OpenGlHelper.glBlendFunc (IIII)V
   L4
    LINENUMBER 670 L4
    LDC 0.00390625
    FSTORE 7
   L5
    LINENUMBER 671 L5
    LDC 0.00390625
    FSTORE 8
   L6
    LINENUMBER 672 L6
    INVOKESTATIC net/minecraft/client/Minecraft.getSystemTime ()J
    SIPUSH 3000
    ILOAD 6
    SIPUSH 1873
    IMUL
    IADD
    I2L
    LREM
    L2F
    LDC 3000.0
    ILOAD 6
    SIPUSH 1873
    IMUL
    I2F
    FADD
    FDIV
    LDC 256.0
    FMUL
    FSTORE 9
   L7
    LINENUMBER 673 L7
    FCONST_0
    FSTORE 10
   L8
    LINENUMBER 674 L8
    GETSTATIC net/minecraft/client/renderer/Tessellator.instance : Lnet/minecraft/client/renderer/Tessellator;
    ASTORE 11
   L9
    LINENUMBER 675 L9
    LDC 4.0
    FSTORE 12
   L10
    LINENUMBER 677 L10
    ILOAD 6
    ICONST_1
    IF_ICMPNE L11
   L12
    LINENUMBER 679 L12
    LDC -1.0
    FSTORE 12
   L11
    LINENUMBER 682 L11
   FRAME FULL [net/minecraft/client/renderer/entity/RenderItem I I I I I I F F F F net/minecraft/client/renderer/Tessellator F] []
    ALOAD 11
    INVOKEVIRTUAL net/minecraft/client/renderer/Tessellator.startDrawingQuads ()V
   L13
    LINENUMBER 683 L13
    ALOAD 11
    ILOAD 2
    ICONST_0
    IADD
    I2D
    ILOAD 3
    ILOAD 5
    IADD
    I2D
    ALOAD 0
    GETFIELD net/minecraft/client/renderer/entity/RenderItem.zLevel : F
    F2D
    FLOAD 9
    ILOAD 5
    I2F
    FLOAD 12
    FMUL
    FADD
    FLOAD 7
    FMUL
    F2D
    FLOAD 10
    ILOAD 5
    I2F
    FADD
    FLOAD 8
    FMUL
    F2D
    INVOKEVIRTUAL net/minecraft/client/renderer/Tessellator.addVertexWithUV (DDDDD)V
   L14
    LINENUMBER 684 L14
    ALOAD 11
    ILOAD 2
    ILOAD 4
    IADD
    I2D
    ILOAD 3
    ILOAD 5
    IADD
    I2D
    ALOAD 0
    GETFIELD net/minecraft/client/renderer/entity/RenderItem.zLevel : F
    F2D
    FLOAD 9
    ILOAD 4
    I2F
    FADD
    ILOAD 5
    I2F
    FLOAD 12
    FMUL
    FADD
    FLOAD 7
    FMUL
    F2D
    FLOAD 10
    ILOAD 5
    I2F
    FADD
    FLOAD 8
    FMUL
    F2D
    INVOKEVIRTUAL net/minecraft/client/renderer/Tessellator.addVertexWithUV (DDDDD)V
   L15
    LINENUMBER 685 L15
    ALOAD 11
    ILOAD 2
    ILOAD 4
    IADD
    I2D
    ILOAD 3
    ICONST_0
    IADD
    I2D
    ALOAD 0
    GETFIELD net/minecraft/client/renderer/entity/RenderItem.zLevel : F
    F2D
    FLOAD 9
    ILOAD 4
    I2F
    FADD
    FLOAD 7
    FMUL
    F2D
    FLOAD 10
    FCONST_0
    FADD
    FLOAD 8
    FMUL
    F2D
    INVOKEVIRTUAL net/minecraft/client/renderer/Tessellator.addVertexWithUV (DDDDD)V
   L16
    LINENUMBER 686 L16
    ALOAD 11
    ILOAD 2
    ICONST_0
    IADD
    I2D
    ILOAD 3
    ICONST_0
    IADD
    I2D
    ALOAD 0
    GETFIELD net/minecraft/client/renderer/entity/RenderItem.zLevel : F
    F2D
    FLOAD 9
    FCONST_0
    FADD
    FLOAD 7
    FMUL
    F2D
    FLOAD 10
    FCONST_0
    FADD
    FLOAD 8
    FMUL
    F2D
    INVOKEVIRTUAL net/minecraft/client/renderer/Tessellator.addVertexWithUV (DDDDD)V
   L17
    LINENUMBER 687 L17
    ALOAD 11
    INVOKEVIRTUAL net/minecraft/client/renderer/Tessellator.draw ()I
    POP
   L18
    LINENUMBER 667 L18
    IINC 6 1
   L2
   FRAME FULL [net/minecraft/client/renderer/entity/RenderItem I I I I I I] []
    ILOAD 6
    ICONST_2
    IF_ICMPLT L3
   L19
    LINENUMBER 689 L19
    RETURN
   L20


    ICONST_2
    IF_ICMPGE L0
    SIPUSH 772
    ICONST_1
    ICONST_0
    ICONST_0
    INVOKESTATIC net/minecraft/client/renderer/OpenGlHelper.glBlendFunc (IIII)V

	at codechicken.lib.asm.InsnComparator.findN(InsnComparator.java:202)
	at codechicken.lib.asm.InsnComparator.findN(InsnComparator.java:208)
	at codechicken.lib.asm.ModularASMTransformer$MethodReplacer.transform(ModularASMTransformer.java:243)
	at codechicken.lib.asm.ModularASMTransformer$MethodTransformer.transform(ModularASMTransformer.java:98)
	... 19 more


A detailed walkthrough of the error, its code path and all known details is as follows:
---------------------------------------------------------------------------------------

-- Head --
Stacktrace:
	at net.minecraft.client.gui.achievement.GuiAchievement.<init>(GuiAchievement.java:34)
	at net.minecraft.client.Minecraft.startGame(Minecraft.java:511)

-- Initialization --
Details:
Stacktrace:
	at net.minecraft.client.Minecraft.run(Minecraft.java:942)
	at net.minecraft.client.main.Main.main(Main.java:164)
	at sun.reflect.NativeMethodAccessorImpl.invoke0(Native Method)
	at sun.reflect.NativeMethodAccessorImpl.invoke(Unknown Source)
	at sun.reflect.DelegatingMethodAccessorImpl.invoke(Unknown Source)
	at java.lang.reflect.Method.invoke(Unknown Source)
	at net.minecraft.launchwrapper.Launch.launch(Launch.java:135)
	at net.minecraft.launchwrapper.Launch.main(Launch.java:28)
	at net.minecraftforge.gradle.GradleStartCommon.launch(GradleStartCommon.java:97)
	at GradleStart.main(GradleStart.java:40)

-- System Details --
Details:
	Minecraft Version: 1.7.10
	Operating System: Windows 10 (amd64) version 10.0
	Java Version: 1.8.0_431, Oracle Corporation
	Java VM Version: Java HotSpot(TM) 64-Bit Server VM (mixed mode), Oracle Corporation
	Memory: 135426448 bytes (129 MB) / 243269632 bytes (232 MB) up to 3797417984 bytes (3621 MB)
	JVM Flags: 0 total; 
	AABB Pool Size: 0 (0 bytes; 0 MB) allocated, 0 (0 bytes; 0 MB) used
	IntCache: cache: 0, tcache: 0, allocated: 0, tallocated: 0
	FML: 
	Launched Version: 1.7.10
	LWJGL: 2.9.4
	OpenGL: NVIDIA GeForce RTX 2060/PCIe/SSE2 GL version 4.6.0 NVIDIA 566.03, NVIDIA Corporation
	GL Caps: Using GL 1.3 multitexturing.
Using framebuffer objects because OpenGL 3.0 is supported and separate blending is supported.
Anisotropic filtering is supported and maximum anisotropy is 16.
Shaders are available because OpenGL 2.1 is supported.

	Is Modded: Definitely; Client brand changed to 'fml,forge'
	Type: Client (map_client.txt)
	Resource Packs: []
	Current Language: ~~ERROR~~ NullPointerException: null
	Profiler Position: N/A (disabled)
	Vec3 Pool Size: 0 (0 bytes; 0 MB) allocated, 0 (0 bytes; 0 MB) used
	Anisotropic Filtering: Off (1)
[00:44:16] [Client thread/INFO] [STDOUT/]: [net.minecraft.client.Minecraft:displayCrashReport:398]: #@!@# Game crashed! Crash report saved to: #@!@# C:\Users\jorjo\Downloads\Television\starter\.\crash-reports\crash-2024-12-31_00.44.16-client.txt
