[01:13:34] [main/INFO] [GradleStart]: userProperties: {}
[01:13:34] [main/INFO] [GradleStart]: assetsDir: C:\Users\jorjo\.gradle\caches\retro_futura_gradle\assets
[01:13:34] [main/INFO] [GradleStart]: assetIndex: 1.7.10
[01:13:34] [main/INFO] [GradleStart]: accessToken: 0
[01:13:34] [main/INFO] [GradleStart]: version: 1.7.10
[01:13:34] [main/INFO] [GradleStart]: username: Developer
[01:13:34] [main/INFO] [GradleStart]: Extra: [--gameDir, C:\Users\jorjo\Downloads\Television\starter\run, --uuid, 31c4910d-9b69-4725-8969-9ed53ac8a7dc]
[01:13:34] [main/INFO] [GradleStart]: Found and added coremod: com.mitchej123.hodgepodge.core.HodgepodgeCore
[01:13:34] [main/INFO] [GradleStart]: Found and added cascading tweaker: org.spongepowered.asm.launch.MixinTweaker
[01:13:34] [main/INFO] [GradleStart]: Found and added coremod: me.eigenraven.lwjgl3ify.core.Lwjgl3ifyCoremod
[01:13:34] [main/INFO] [GradleStart]: Found and added cascading tweaker: me.eigenraven.lwjgl3ify.relauncher.Lwjgl3ifyRelauncherTweaker
[01:13:34] [main/INFO] [GradleStart]: Found and added coremod: codechicken.nei.asm.NEICorePlugin
[01:13:34] [main/INFO] [GradleStart]: Found and added coremod: codechicken.core.launch.CodeChickenCorePlugin
[01:13:34] [main/INFO] [GradleStart]: Found and added coremod: com.gtnewhorizon.gtnhlib.core.GTNHLibCore
[01:13:34] [main/INFO] [GradleStart]: Found and added coremod: io.github.legacymoddingmc.unimixins.all.AllCore
[01:13:34] [main/INFO] [GradleStart]: Running with arguments: [--userProperties, {}, --assetsDir, C:\Users\jorjo\.gradle\caches\retro_futura_gradle\assets, --assetIndex, 1.7.10, --accessToken, {REDACTED}, --version, 1.7.10, --username, Developer, --tweakClass, cpw.mods.fml.common.launcher.FMLTweaker, --gameDir, C:\Users\jorjo\Downloads\Television\starter\run, --uuid, 31c4910d-9b69-4725-8969-9ed53ac8a7dc, --tweakClass, org.spongepowered.asm.launch.MixinTweaker, --tweakClass, me.eigenraven.lwjgl3ify.relauncher.Lwjgl3ifyRelauncherTweaker, --tweakClass, net.minecraftforge.gradle.tweakers.CoremodTweaker]
[01:13:34] [main/INFO] [LaunchWrapper]: Successfully scanned 76 paths for RFB plugins.
[01:13:34] [main/INFO] [LaunchWrapper]: Constructed RFB plugin gtnhlib@0.5.21 (GTNHLib): com.gtnewhorizon.gtnhlib.rfb.GTNHLibRfbPlugin (jar:file:///C:/Users/jorjo/.gradle/caches/modules-2/files-2.1/com.github.GTNewHorizons/GTNHLib/0.5.21/ba0391fd21aee79ea804623519e1c50dacfa04de/GTNHLib-0.5.21-dev.jar!META-INF/rfb-plugin/gtnhlib.properties)
[01:13:34] [main/INFO] [LaunchWrapper]: Constructed RFB plugin hodgepodge@2.5.82 (Hodgepodge): com.mitchej123.hodgepodge.rfb.HodgepodgeRfbPlugin (jar:file:///C:/Users/jorjo/.gradle/caches/modules-2/files-2.1/com.github.GTNewHorizons/Hodgepodge/2.5.82/f9b4ad9aeb6d201c13f08af159fd85d4cad91415/Hodgepodge-2.5.82-dev.jar!META-INF/rfb-plugin/hodgepodge.properties)
[01:13:34] [main/DEBUG] [HodgePodgeEarly]: No existing configuration file. Will use defaults
[01:13:34] [main/ERROR] [HodgePodgeEarly]: Error reading configuration file. Will use defaults
java.io.FileNotFoundException: C:\Users\jorjo\Downloads\Television\starter\run\config\hodgepodgeEarly.properties (The system cannot find the path specified)
	at java.base/java.io.FileOutputStream.open0(Native Method) ~[?:?]
	at java.base/java.io.FileOutputStream.open(FileOutputStream.java:289) ~[?:?]
	at java.base/java.io.FileOutputStream.<init>(FileOutputStream.java:230) ~[?:?]
	at java.base/java.io.FileOutputStream.<init>(FileOutputStream.java:179) ~[?:?]
	at java.base/java.io.FileWriter.<init>(FileWriter.java:98) ~[?:?]
	at System//com.mitchej123.hodgepodge.asm.EarlyConfig.<clinit>(EarlyConfig.java:40) [Hodgepodge-2.5.82-dev.jar:?]
	at System//com.mitchej123.hodgepodge.rfb.HodgepodgeRfbPlugin.onConstruction(HodgepodgeRfbPlugin.java:18) [Hodgepodge-2.5.82-dev.jar:?]
	at com.gtnewhorizons.retrofuturabootstrap.plugin.PluginLoader.initializePlugins(PluginLoader.java:112) [lwjgl3ify-2.1.5-forgePatches.jar:?]
	at System//net.minecraft.launchwrapper.Launch.rfb$realLaunch(Launch.java:197) [Launch.class:?]
	at System//net.minecraft.launchwrapper.Launch.launch(Launch.java:35) [Launch.class:?]
	at System//net.minecraft.launchwrapper.Launch.main(Launch.java:60) [Launch.class:?]
	at java.base/jdk.internal.reflect.DirectMethodHandleAccessor.invoke(DirectMethodHandleAccessor.java:103) ~[?:?]
	at java.base/java.lang.reflect.Method.invoke(Method.java:580) ~[?:?]
	at com.gtnewhorizons.retrofuturabootstrap.Main.main(Main.java:207) [lwjgl3ify-2.1.5-forgePatches.jar:?]
	at java.base/jdk.internal.reflect.DirectMethodHandleAccessor.invoke(DirectMethodHandleAccessor.java:103) ~[?:?]
	at java.base/java.lang.reflect.Method.invoke(Method.java:580) ~[?:?]
	at System//net.minecraftforge.gradle.GradleStartCommon.launch(GradleStartCommon.java:99) [mclauncher-1.7.10.jar:?]
	at System//GradleStart.main(GradleStart.java:40) [?:?]
[01:13:34] [main/INFO] [LaunchWrapper]: Constructed RFB plugin java@21.0.5 (Java): com.gtnewhorizons.rfbplugins.compat.DummyJavaPlugin (jar:file:/C:/Users/jorjo/.gradle/caches/modules-2/files-2.1/com.github.GTNewHorizons/lwjgl3ify/2.1.5/4b0757c0bf40b5efa8be1060cac1bb802ffe52cc/lwjgl3ify-2.1.5-forgePatches.jar!/com/gtnewhorizons/retrofuturabootstrap/plugin/PluginLoader.class)
[01:13:34] [main/INFO] [LaunchWrapper]: Constructed RFB plugin lwjgl3ify@2.1.5 (LWJGL3ify): me.eigenraven.lwjgl3ify.rfb.Lwjgl3ifyRfbPlugin (jar:file:///C:/Users/jorjo/.gradle/caches/modules-2/files-2.1/com.github.GTNewHorizons/lwjgl3ify/2.1.5/423a8dd9d73ca61cbd39c28551f582e68800098a/lwjgl3ify-2.1.5-dev.jar!META-INF/rfb-plugin/lwjgl3ify.properties)
[01:13:34] [main/INFO] [LaunchWrapper]: Constructed RFB plugin rfb@1.0.7 (RetroFuturaBootstrap): com.gtnewhorizons.rfbplugins.compat.DummyRfbPlugin (jar:file:/C:/Users/jorjo/.gradle/caches/modules-2/files-2.1/com.github.GTNewHorizons/lwjgl3ify/2.1.5/4b0757c0bf40b5efa8be1060cac1bb802ffe52cc/lwjgl3ify-2.1.5-forgePatches.jar!/com/gtnewhorizons/retrofuturabootstrap/plugin/PluginLoader.class)
[01:13:34] [main/INFO] [LaunchWrapper]: Constructed RFB plugin rfb-asm-safety@1.0.7 (RFB ASM Safety): com.gtnewhorizons.rfbplugins.compat.AsmSafetyPlugin (jar:file:///C:/Users/jorjo/.gradle/caches/modules-2/files-2.1/com.github.GTNewHorizons/lwjgl3ify/2.1.5/4b0757c0bf40b5efa8be1060cac1bb802ffe52cc/lwjgl3ify-2.1.5-forgePatches.jar!META-INF/rfb-plugin/rfb-asm-safety.properties)
[01:13:34] [main/INFO] [LaunchWrapper]: Constructed RFB plugin rfb-modern-java@1.0.7 (RFB modern Java compatibility plugin): com.gtnewhorizons.rfbplugins.compat.ModernJavaCompatibilityPlugin (jar:file:///C:/Users/jorjo/.gradle/caches/modules-2/files-2.1/com.github.GTNewHorizons/lwjgl3ify/2.1.5/4b0757c0bf40b5efa8be1060cac1bb802ffe52cc/lwjgl3ify-2.1.5-forgePatches.jar!META-INF/rfb-plugin/rfb-modern-java.properties)
[01:13:34] [main/INFO] [LaunchWrapper]: Constructing tweaker cpw.mods.fml.common.launcher.FMLTweaker
[01:13:34] [main/INFO] [LaunchWrapper]: Constructing tweaker org.spongepowered.asm.launch.MixinTweaker
[01:13:34] [main/DEBUG] [mixin]: MixinService [LaunchWrapper] was successfully booted in com.gtnewhorizons.retrofuturabootstrap.RfbSystemClassLoader@4f3f5b24
[01:13:34] [main/DEBUG] [mixin]: FML platform agent will ignore coremod codechicken.nei.asm.NEICorePlugin specified on the command line
[01:13:34] [main/DEBUG] [mixin]: FML platform agent will ignore coremod io.github.legacymoddingmc.unimixins.all.AllCore specified on the command line
[01:13:34] [main/DEBUG] [mixin]: FML platform agent will ignore coremod me.eigenraven.lwjgl3ify.core.Lwjgl3ifyCoremod specified on the command line
[01:13:34] [main/DEBUG] [mixin]: FML platform agent will ignore coremod codechicken.core.launch.CodeChickenCorePlugin specified on the command line
[01:13:34] [main/DEBUG] [mixin]: FML platform agent will ignore coremod com.mitchej123.hodgepodge.core.HodgepodgeCore specified on the command line
[01:13:34] [main/DEBUG] [mixin]: FML platform agent will ignore coremod com.gtnewhorizon.gtnhlib.core.GTNHLibCore specified on the command line
[01:13:34] [main/INFO] [mixin]: SpongePowered MIXIN Subsystem Version=0.8.7 Source=file:/C:/Users/jorjo/.gradle/caches/modules-2/files-2.1/io.github.legacymoddingmc/unimixins/0.1.19/fe0b4ad9cbf080f50f5a51c699b8a428c51018e/unimixins-0.1.19-dev.jar Service=LaunchWrapper Env=CLIENT
[01:13:34] [main/DEBUG] [mixin]: Adding new mixin transformer proxy #1
[01:13:34] [main/DEBUG] [LaunchWrapper]: Registered class transformer org.spongepowered.asm.mixin.transformer.Proxy
[01:13:34] [main/DEBUG] [mixin]: Initialising Mixin Platform Manager
[01:13:34] [main/DEBUG] [mixin]: Adding mixin platform agents for container ContainerHandleURI(file:/C:/Users/jorjo/.gradle/caches/modules-2/files-2.1/io.github.legacymoddingmc/unimixins/0.1.19/fe0b4ad9cbf080f50f5a51c699b8a428c51018e/unimixins-0.1.19-dev.jar)
[01:13:34] [main/DEBUG] [mixin]: Instancing new MixinPlatformAgentFMLLegacy for ContainerHandleURI(file:/C:/Users/jorjo/.gradle/caches/modules-2/files-2.1/io.github.legacymoddingmc/unimixins/0.1.19/fe0b4ad9cbf080f50f5a51c699b8a428c51018e/unimixins-0.1.19-dev.jar)
[01:13:34] [main/DEBUG] [mixin]: ForceLoadAsMod was specified for unimixins-0.1.19-dev.jar, attempting force-load
[01:13:34] [main/DEBUG] [mixin]: Ignoring request to add unimixins-0.1.19-dev.jar to reparseable coremod collection - it is on the class path
[01:13:34] [main/DEBUG] [mixin]: unimixins-0.1.19-dev.jar has core plugin io.github.legacymoddingmc.unimixins.all.AllCore. Skipping because it was already injected.
[01:13:34] [main/DEBUG] [mixin]: MixinPlatformAgentFMLLegacy rejected container ContainerHandleURI(file:/C:/Users/jorjo/.gradle/caches/modules-2/files-2.1/io.github.legacymoddingmc/unimixins/0.1.19/fe0b4ad9cbf080f50f5a51c699b8a428c51018e/unimixins-0.1.19-dev.jar)
[01:13:34] [main/DEBUG] [mixin]: Instancing new MixinPlatformAgentLiteLoaderLegacy for ContainerHandleURI(file:/C:/Users/jorjo/.gradle/caches/modules-2/files-2.1/io.github.legacymoddingmc/unimixins/0.1.19/fe0b4ad9cbf080f50f5a51c699b8a428c51018e/unimixins-0.1.19-dev.jar)
[01:13:34] [main/DEBUG] [mixin]: MixinPlatformAgentLiteLoaderLegacy rejected container ContainerHandleURI(file:/C:/Users/jorjo/.gradle/caches/modules-2/files-2.1/io.github.legacymoddingmc/unimixins/0.1.19/fe0b4ad9cbf080f50f5a51c699b8a428c51018e/unimixins-0.1.19-dev.jar)
[01:13:34] [main/DEBUG] [mixin]: Instancing new MixinPlatformAgentDefault for ContainerHandleURI(file:/C:/Users/jorjo/.gradle/caches/modules-2/files-2.1/io.github.legacymoddingmc/unimixins/0.1.19/fe0b4ad9cbf080f50f5a51c699b8a428c51018e/unimixins-0.1.19-dev.jar)
[01:13:34] [main/DEBUG] [mixin]: MixinPlatformAgentDefault accepted container ContainerHandleURI(file:/C:/Users/jorjo/.gradle/caches/modules-2/files-2.1/io.github.legacymoddingmc/unimixins/0.1.19/fe0b4ad9cbf080f50f5a51c699b8a428c51018e/unimixins-0.1.19-dev.jar)
[01:13:34] [main/DEBUG] [org.spongepowered.asm.service.mojang.MixinServiceLaunchWrapper]: Scanning file:/C:/Users/jorjo/.gradle/caches/modules-2/files-2.1/com.github.GTNewHorizons/lwjgl3ify/2.1.5/4b0757c0bf40b5efa8be1060cac1bb802ffe52cc/lwjgl3ify-2.1.5-forgePatches.jar for mixin tweaker
[01:13:34] [main/DEBUG] [org.spongepowered.asm.service.mojang.MixinServiceLaunchWrapper]: Scanning file:/C:/Users/jorjo/Downloads/Television/starter/build/rfg/mclauncher-1.7.10.jar for mixin tweaker
[01:13:34] [main/DEBUG] [org.spongepowered.asm.service.mojang.MixinServiceLaunchWrapper]: Scanning file:/C:/Users/jorjo/Downloads/Television/starter/build/rfg/recompiled_minecraft-1.7.10.jar for mixin tweaker
[01:13:34] [main/DEBUG] [org.spongepowered.asm.service.mojang.MixinServiceLaunchWrapper]: Scanning file:/C:/Users/jorjo/.gradle/caches/modules-2/files-2.1/me.eigenraven.java8unsupported/java-8-unsupported-shim/1.0.0/2d0687782e2d091a6f3cf4709c54368fe6ab47e8/java-8-unsupported-shim-1.0.0.jar for mixin tweaker
[01:13:34] [main/DEBUG] [org.spongepowered.asm.service.mojang.MixinServiceLaunchWrapper]: Scanning file:/C:/Users/jorjo/.gradle/caches/modules-2/files-2.1/net.minecraft/launchwrapper/1.12/111e7bea9c968cdb3d06ef4632bf7ff0824d0f36/launchwrapper-1.12.jar for mixin tweaker
[01:13:34] [main/DEBUG] [org.spongepowered.asm.service.mojang.MixinServiceLaunchWrapper]: Scanning file:/C:/Users/jorjo/.gradle/caches/modules-2/files-2.1/com.mojang/authlib/1.5.21/aefba0d5b53fbcb70860bc8046ab95d5854c07a5/authlib-1.5.21.jar for mixin tweaker
[01:13:34] [main/DEBUG] [org.spongepowered.asm.service.mojang.MixinServiceLaunchWrapper]: Scanning file:/C:/Users/jorjo/.gradle/caches/modules-2/files-2.1/com.google.code.findbugs/jsr305/2.0.1/516c03b21d50a644d538de0f0369c620989cd8f0/jsr305-2.0.1.jar for mixin tweaker
[01:13:34] [main/DEBUG] [org.spongepowered.asm.service.mojang.MixinServiceLaunchWrapper]: Scanning file:/C:/Users/jorjo/.gradle/caches/modules-2/files-2.1/com.typesafe.akka/akka-actor_2.11/2.3.3/ed62e9fc709ca0f2ff1a3220daa8b70a2870078e/akka-actor_2.11-2.3.3.jar for mixin tweaker
[01:13:34] [main/DEBUG] [org.spongepowered.asm.service.mojang.MixinServiceLaunchWrapper]: Scanning file:/C:/Users/jorjo/.gradle/caches/modules-2/files-2.1/com.typesafe/config/1.2.1/f771f71fdae3df231bcd54d5ca2d57f0bf93f467/config-1.2.1.jar for mixin tweaker
[01:13:34] [main/DEBUG] [org.spongepowered.asm.service.mojang.MixinServiceLaunchWrapper]: Scanning file:/C:/Users/jorjo/.gradle/caches/modules-2/files-2.1/org.scala-lang/scala-actors-migration_2.11/1.1.0/dfa8bc42b181d5b9f1a5dd147f8ae308b893eb6f/scala-actors-migration_2.11-1.1.0.jar for mixin tweaker
[01:13:34] [main/DEBUG] [org.spongepowered.asm.service.mojang.MixinServiceLaunchWrapper]: Scanning file:/C:/Users/jorjo/.gradle/caches/modules-2/files-2.1/org.scala-lang/scala-compiler/2.11.5/eb2631e425d240f55ffc060c3262caa4d05d8d1a/scala-compiler-2.11.5.jar for mixin tweaker
[01:13:34] [main/DEBUG] [org.spongepowered.asm.service.mojang.MixinServiceLaunchWrapper]: Scanning file:/C:/Users/jorjo/.gradle/caches/modules-2/files-2.1/org.scala-lang.plugins/scala-continuations-library_2.11/1.0.2/e517c53a7e9acd6b1668c5a35eccbaa3bab9aac/scala-continuations-library_2.11-1.0.2.jar for mixin tweaker
[01:13:34] [main/DEBUG] [org.spongepowered.asm.service.mojang.MixinServiceLaunchWrapper]: Scanning file:/C:/Users/jorjo/.gradle/caches/modules-2/files-2.1/org.scala-lang.plugins/scala-continuations-plugin_2.11.1/1.0.2/f361a3283452c57fa30c1ee69448995de23c60f7/scala-continuations-plugin_2.11.1-1.0.2.jar for mixin tweaker
[01:13:34] [main/DEBUG] [org.spongepowered.asm.service.mojang.MixinServiceLaunchWrapper]: Scanning file:/C:/Users/jorjo/.gradle/caches/modules-2/files-2.1/org.scala-lang/scala-library/2.11.5/a5544bb030c5e6c3d81ad116b7dc5024f047df26/scala-library-2.11.5.jar for mixin tweaker
[01:13:34] [main/DEBUG] [org.spongepowered.asm.service.mojang.MixinServiceLaunchWrapper]: Scanning file:/C:/Users/jorjo/.gradle/caches/modules-2/files-2.1/org.scala-lang/scala-parser-combinators_2.11/1.0.1/f05d7345bf5a58924f2837c6c1f4d73a938e1ff0/scala-parser-combinators_2.11-1.0.1.jar for mixin tweaker
[01:13:34] [main/DEBUG] [org.spongepowered.asm.service.mojang.MixinServiceLaunchWrapper]: Scanning file:/C:/Users/jorjo/.gradle/caches/modules-2/files-2.1/org.scala-lang/scala-reflect/2.11.5/69ce65b0f0767c4e5eafaf789fdde7aab78bd9d/scala-reflect-2.11.5.jar for mixin tweaker
[01:13:34] [main/DEBUG] [org.spongepowered.asm.service.mojang.MixinServiceLaunchWrapper]: Scanning file:/C:/Users/jorjo/.gradle/caches/modules-2/files-2.1/org.scala-lang/scala-swing_2.11/1.0.1/b1cdd92bd47b1e1837139c1c53020e86bb9112ae/scala-swing_2.11-1.0.1.jar for mixin tweaker
[01:13:34] [main/DEBUG] [org.spongepowered.asm.service.mojang.MixinServiceLaunchWrapper]: Scanning file:/C:/Users/jorjo/.gradle/caches/modules-2/files-2.1/org.scala-lang/scala-xml_2.11/1.0.2/7a80ec00aec122fba7cd4e0d4cdd87ff7e4cb6d0/scala-xml_2.11-1.0.2.jar for mixin tweaker
[01:13:34] [main/DEBUG] [org.spongepowered.asm.service.mojang.MixinServiceLaunchWrapper]: Scanning file:/C:/Users/jorjo/.gradle/caches/modules-2/files-2.1/lzma/lzma/0.0.1/521616dc7487b42bef0e803bd2fa3faf668101d7/lzma-0.0.1.jar for mixin tweaker
[01:13:34] [main/DEBUG] [org.spongepowered.asm.service.mojang.MixinServiceLaunchWrapper]: Scanning file:/C:/Users/jorjo/.gradle/caches/modules-2/files-2.1/org.ow2.asm/asm-debug-all/5.0.3/f9e364ae2a66ce2a543012a4668856e84e5dab74/asm-debug-all-5.0.3.jar for mixin tweaker
[01:13:34] [main/DEBUG] [org.spongepowered.asm.service.mojang.MixinServiceLaunchWrapper]: Scanning file:/C:/Users/jorjo/.gradle/caches/modules-2/files-2.1/com.paulscode/codecjorbis/20101023/c73b5636faf089d9f00e8732a829577de25237ee/codecjorbis-20101023.jar for mixin tweaker
[01:13:34] [main/DEBUG] [org.spongepowered.asm.service.mojang.MixinServiceLaunchWrapper]: Scanning file:/C:/Users/jorjo/.gradle/caches/modules-2/files-2.1/com.paulscode/codecwav/20101023/12f031cfe88fef5c1dd36c563c0a3a69bd7261da/codecwav-20101023.jar for mixin tweaker
[01:13:34] [main/DEBUG] [org.spongepowered.asm.service.mojang.MixinServiceLaunchWrapper]: Scanning file:/C:/Users/jorjo/.gradle/caches/modules-2/files-2.1/com.paulscode/libraryjavasound/20101123/5c5e304366f75f9eaa2e8cca546a1fb6109348b3/libraryjavasound-20101123.jar for mixin tweaker
[01:13:34] [main/DEBUG] [org.spongepowered.asm.service.mojang.MixinServiceLaunchWrapper]: Scanning file:/C:/Users/jorjo/.gradle/caches/modules-2/files-2.1/com.paulscode/librarylwjglopenal/20100824/73e80d0794c39665aec3f62eee88ca91676674ef/librarylwjglopenal-20100824.jar for mixin tweaker
[01:13:34] [main/DEBUG] [org.spongepowered.asm.service.mojang.MixinServiceLaunchWrapper]: Scanning file:/C:/Users/jorjo/.gradle/caches/modules-2/files-2.1/com.paulscode/soundsystem/20120107/419c05fe9be71f792b2d76cfc9b67f1ed0fec7f6/soundsystem-20120107.jar for mixin tweaker
[01:13:34] [main/DEBUG] [org.spongepowered.asm.service.mojang.MixinServiceLaunchWrapper]: Scanning file:/C:/Users/jorjo/.gradle/caches/modules-2/files-2.1/com.mojang/netty/1.8.8/a796914d1c8a55b4da9f4a8856dd9623375d8bb/netty-1.8.8.jar for mixin tweaker
[01:13:34] [main/DEBUG] [org.spongepowered.asm.service.mojang.MixinServiceLaunchWrapper]: Scanning file:/C:/Users/jorjo/.gradle/caches/modules-2/files-2.1/com.mojang/realms/1.3.5/807ae355ee63583becd7ea60e76aab1532bb42e/realms-1.3.5.jar for mixin tweaker
[01:13:34] [main/DEBUG] [org.spongepowered.asm.service.mojang.MixinServiceLaunchWrapper]: Scanning file:/C:/Users/jorjo/.gradle/caches/modules-2/files-2.1/org.apache.commons/commons-compress/1.8.1/a698750c16740fd5b3871425f4cb3bbaa87f529d/commons-compress-1.8.1.jar for mixin tweaker
[01:13:34] [main/DEBUG] [org.spongepowered.asm.service.mojang.MixinServiceLaunchWrapper]: Scanning file:/C:/Users/jorjo/.gradle/caches/modules-2/files-2.1/org.apache.httpcomponents/httpclient/4.3.3/18f4247ff4572a074444572cee34647c43e7c9c7/httpclient-4.3.3.jar for mixin tweaker
[01:13:34] [main/DEBUG] [org.spongepowered.asm.service.mojang.MixinServiceLaunchWrapper]: Scanning file:/C:/Users/jorjo/.gradle/caches/modules-2/files-2.1/commons-logging/commons-logging/1.1.3/f6f66e966c70a83ffbdb6f17a0919eaf7c8aca7f/commons-logging-1.1.3.jar for mixin tweaker
[01:13:34] [main/DEBUG] [org.spongepowered.asm.service.mojang.MixinServiceLaunchWrapper]: Scanning file:/C:/Users/jorjo/.gradle/caches/modules-2/files-2.1/org.apache.httpcomponents/httpcore/4.3.2/31fbbff1ddbf98f3aa7377c94d33b0447c646b6e/httpcore-4.3.2.jar for mixin tweaker
[01:13:34] [main/DEBUG] [org.spongepowered.asm.service.mojang.MixinServiceLaunchWrapper]: Scanning file:/C:/Users/jorjo/.gradle/caches/modules-2/files-2.1/java3d/vecmath/1.3.1/a0ae4f51da409fa0c20fa0ca59e6bbc9413ae71d/vecmath-1.3.1.jar for mixin tweaker
[01:13:34] [main/DEBUG] [org.spongepowered.asm.service.mojang.MixinServiceLaunchWrapper]: Scanning file:/C:/Users/jorjo/.gradle/caches/modules-2/files-2.1/net.sf.trove4j/trove4j/3.0.3/42ccaf4761f0dfdfa805c9e340d99a755907e2dd/trove4j-3.0.3.jar for mixin tweaker
[01:13:34] [main/DEBUG] [org.spongepowered.asm.service.mojang.MixinServiceLaunchWrapper]: Scanning file:/C:/Users/jorjo/.gradle/caches/modules-2/files-2.1/com.ibm.icu/icu4j-core-mojang/51.2/63d216a9311cca6be337c1e458e587f99d382b84/icu4j-core-mojang-51.2.jar for mixin tweaker
[01:13:34] [main/DEBUG] [org.spongepowered.asm.service.mojang.MixinServiceLaunchWrapper]: Scanning file:/C:/Users/jorjo/.gradle/caches/modules-2/files-2.1/net.sf.jopt-simple/jopt-simple/4.5/6065cc95c661255349c1d0756657be17c29a4fd3/jopt-simple-4.5.jar for mixin tweaker
[01:13:34] [main/DEBUG] [org.spongepowered.asm.service.mojang.MixinServiceLaunchWrapper]: Scanning file:/C:/Users/jorjo/.gradle/caches/modules-2/files-2.1/io.netty/netty-all/4.0.10.Final/9e50bd52ffe257a0e2cd8d971688d6ce7d174325/netty-all-4.0.10.Final.jar for mixin tweaker
[01:13:34] [main/DEBUG] [org.spongepowered.asm.service.mojang.MixinServiceLaunchWrapper]: Scanning file:/C:/Users/jorjo/.gradle/caches/modules-2/files-2.1/com.google.guava/guava/17.0/9c6ef172e8de35fd8d4d8783e4821e57cdef7445/guava-17.0.jar for mixin tweaker
[01:13:34] [main/DEBUG] [org.spongepowered.asm.service.mojang.MixinServiceLaunchWrapper]: Scanning file:/C:/Users/jorjo/.gradle/caches/modules-2/files-2.1/org.apache.commons/commons-lang3/3.3.2/90a3822c38ec8c996e84c16a3477ef632cbc87a3/commons-lang3-3.3.2.jar for mixin tweaker
[01:13:34] [main/DEBUG] [org.spongepowered.asm.service.mojang.MixinServiceLaunchWrapper]: Scanning file:/C:/Users/jorjo/.gradle/caches/modules-2/files-2.1/commons-io/commons-io/2.4/b1b6ea3b7e4aa4f492509a4952029cd8e48019ad/commons-io-2.4.jar for mixin tweaker
[01:13:34] [main/DEBUG] [org.spongepowered.asm.service.mojang.MixinServiceLaunchWrapper]: Scanning file:/C:/Users/jorjo/.gradle/caches/modules-2/files-2.1/commons-codec/commons-codec/1.9/9ce04e34240f674bc72680f8b843b1457383161a/commons-codec-1.9.jar for mixin tweaker
[01:13:34] [main/DEBUG] [org.spongepowered.asm.service.mojang.MixinServiceLaunchWrapper]: Scanning file:/C:/Users/jorjo/.gradle/caches/modules-2/files-2.1/net.java.jinput/jinput/2.0.5/39c7796b469a600f72380316f6b1f11db6c2c7c4/jinput-2.0.5.jar for mixin tweaker
[01:13:34] [main/DEBUG] [org.spongepowered.asm.service.mojang.MixinServiceLaunchWrapper]: Scanning file:/C:/Users/jorjo/.gradle/caches/modules-2/files-2.1/net.java.jutils/jutils/1.0.0/e12fe1fda814bd348c1579329c86943d2cd3c6a6/jutils-1.0.0.jar for mixin tweaker
[01:13:34] [main/DEBUG] [org.spongepowered.asm.service.mojang.MixinServiceLaunchWrapper]: Scanning file:/C:/Users/jorjo/.gradle/caches/modules-2/files-2.1/com.google.code.gson/gson/2.2.4/a60a5e993c98c864010053cb901b7eab25306568/gson-2.2.4.jar for mixin tweaker
[01:13:34] [main/DEBUG] [org.spongepowered.asm.service.mojang.MixinServiceLaunchWrapper]: Scanning file:/C:/Users/jorjo/.gradle/caches/modules-2/files-2.1/org.apache.logging.log4j/log4j-api/2.0-beta9-fixed/b61eaf2e64d8b0277e188262a8b771bbfa1502b3/log4j-api-2.0-beta9-fixed.jar for mixin tweaker
[01:13:34] [main/DEBUG] [org.spongepowered.asm.service.mojang.MixinServiceLaunchWrapper]: Scanning file:/C:/Users/jorjo/.gradle/caches/modules-2/files-2.1/org.apache.logging.log4j/log4j-core/2.0-beta9-fixed/677991ea2d7426f76309a73739cecf609679492c/log4j-core-2.0-beta9-fixed.jar for mixin tweaker
[01:13:34] [main/DEBUG] [org.spongepowered.asm.service.mojang.MixinServiceLaunchWrapper]: Scanning file:/C:/Users/jorjo/.gradle/caches/modules-2/files-2.1/net.java.jinput/jinput-platform/2.0.5/385ee093e01f587f30ee1c8a2ee7d408fd732e16/jinput-platform-2.0.5-natives-windows.jar for mixin tweaker
[01:13:34] [main/DEBUG] [org.spongepowered.asm.service.mojang.MixinServiceLaunchWrapper]: Scanning file:/C:/Users/jorjo/.gradle/caches/modules-2/files-2.1/net.java.jinput/jinput-platform/2.0.5/7ff832a6eb9ab6a767f1ade2b548092d0fa64795/jinput-platform-2.0.5-natives-linux.jar for mixin tweaker
[01:13:34] [main/DEBUG] [org.spongepowered.asm.service.mojang.MixinServiceLaunchWrapper]: Scanning file:/C:/Users/jorjo/.gradle/caches/modules-2/files-2.1/net.java.jinput/jinput-platform/2.0.5/53f9c919f34d2ca9de8c51fc4e1e8282029a9232/jinput-platform-2.0.5-natives-osx.jar for mixin tweaker
[01:13:34] [main/DEBUG] [org.spongepowered.asm.service.mojang.MixinServiceLaunchWrapper]: Scanning file:/C:/Users/jorjo/.gradle/caches/modules-2/files-2.1/tv.twitch/twitch/5.16/1f55f009c61637c10c0acfb8b5ffc600f30044b4/twitch-5.16.jar for mixin tweaker
[01:13:34] [main/DEBUG] [org.spongepowered.asm.service.mojang.MixinServiceLaunchWrapper]: Scanning file:/C:/Users/jorjo/.gradle/caches/modules-2/files-2.1/tv.twitch/twitch-platform/5.16/39d0c3d363735b4785598e0e7fbf8297c706a9f9/twitch-platform-5.16-natives-windows-64.jar for mixin tweaker
[01:13:34] [main/DEBUG] [org.spongepowered.asm.service.mojang.MixinServiceLaunchWrapper]: Scanning file:/C:/Users/jorjo/.gradle/caches/modules-2/files-2.1/tv.twitch/twitch-platform/5.16/7c6affe439099806a4f552da14c42f9d643d8b23/twitch-platform-5.16-natives-windows-32.jar for mixin tweaker
[01:13:34] [main/DEBUG] [org.spongepowered.asm.service.mojang.MixinServiceLaunchWrapper]: Scanning file:/C:/Users/jorjo/.gradle/caches/modules-2/files-2.1/tv.twitch/twitch-platform/5.16/62503ee712766cf77f97252e5902786fd834b8c5/twitch-platform-5.16-natives-osx.jar for mixin tweaker
[01:13:34] [main/DEBUG] [org.spongepowered.asm.service.mojang.MixinServiceLaunchWrapper]: Scanning file:/C:/Users/jorjo/.gradle/caches/modules-2/files-2.1/tv.twitch/twitch-external-platform/4.5/c3cde57891b935d41b6680a9c5e1502eeab76d86/twitch-external-platform-4.5-natives-windows-64.jar for mixin tweaker
[01:13:34] [main/DEBUG] [org.spongepowered.asm.service.mojang.MixinServiceLaunchWrapper]: Scanning file:/C:/Users/jorjo/.gradle/caches/modules-2/files-2.1/tv.twitch/twitch-external-platform/4.5/18215140f010c05b9f86ef6f0f8871954d2ccebf/twitch-external-platform-4.5-natives-windows-32.jar for mixin tweaker
[01:13:34] [main/DEBUG] [org.spongepowered.asm.service.mojang.MixinServiceLaunchWrapper]: Scanning file:/C:/Users/jorjo/Downloads/Television/starter/build/libs/television-82017ff-main+82017ff9f9-dirty-dev.jar for mixin tweaker
[01:13:34] [main/DEBUG] [org.spongepowered.asm.service.mojang.MixinServiceLaunchWrapper]: Scanning file:/C:/Users/jorjo/.gradle/caches/modules-2/files-2.1/com.github.GTNewHorizons/Hodgepodge/2.5.82/f9b4ad9aeb6d201c13f08af159fd85d4cad91415/Hodgepodge-2.5.82-dev.jar for mixin tweaker
[01:13:34] [main/DEBUG] [org.spongepowered.asm.service.mojang.MixinServiceLaunchWrapper]: Scanning file:/C:/Users/jorjo/.gradle/caches/modules-2/files-2.1/com.github.GTNewHorizons/lwjgl3ify/2.1.5/423a8dd9d73ca61cbd39c28551f582e68800098a/lwjgl3ify-2.1.5-dev.jar for mixin tweaker
[01:13:34] [main/DEBUG] [org.spongepowered.asm.service.mojang.MixinServiceLaunchWrapper]: Scanning file:/C:/Users/jorjo/.gradle/caches/modules-2/files-2.1/com.github.GTNewHorizons/NotEnoughItems/2.7.4-GTNH/86b7c28a7e2a357ec04763ce60cfc4f3b85135db/NotEnoughItems-2.7.4-GTNH-dev.jar for mixin tweaker
[01:13:34] [main/DEBUG] [org.spongepowered.asm.service.mojang.MixinServiceLaunchWrapper]: Scanning file:/C:/Users/jorjo/.gradle/caches/modules-2/files-2.1/com.github.GTNewHorizons/CodeChickenCore/1.4.0/a680e0f45e839e1b3c27e5b4ae99da860a5cfb0e/CodeChickenCore-1.4.0-dev.jar for mixin tweaker
[01:13:34] [main/DEBUG] [org.spongepowered.asm.service.mojang.MixinServiceLaunchWrapper]: Scanning file:/C:/Users/jorjo/.gradle/caches/modules-2/files-2.1/com.github.GTNewHorizons/GTNHLib/0.5.21/ba0391fd21aee79ea804623519e1c50dacfa04de/GTNHLib-0.5.21-dev.jar for mixin tweaker
[01:13:34] [main/DEBUG] [org.spongepowered.asm.service.mojang.MixinServiceLaunchWrapper]: Scanning file:/C:/Users/jorjo/.gradle/caches/modules-2/files-2.1/io.github.legacymoddingmc/unimixins/0.1.19/fe0b4ad9cbf080f50f5a51c699b8a428c51018e/unimixins-0.1.19-dev.jar for mixin tweaker
[01:13:34] [main/DEBUG] [org.spongepowered.asm.service.mojang.MixinServiceLaunchWrapper]: Scanning file:/C:/Users/jorjo/.gradle/caches/modules-2/files-2.1/com.google.code.gson/gson/2.10.1/b3add478d4382b78ea20b1671390a858002feb6c/gson-2.10.1.jar for mixin tweaker
[01:13:34] [main/DEBUG] [org.spongepowered.asm.service.mojang.MixinServiceLaunchWrapper]: Scanning file:/C:/Users/jorjo/.gradle/caches/modules-2/files-2.1/org.lwjgl/lwjgl-glfw/3.3.3/efa1eb78c5ccd840e9f329717109b5e892d72f8e/lwjgl-glfw-3.3.3.jar for mixin tweaker
[01:13:34] [main/DEBUG] [org.spongepowered.asm.service.mojang.MixinServiceLaunchWrapper]: Scanning file:/C:/Users/jorjo/.gradle/caches/modules-2/files-2.1/org.lwjgl/lwjgl-glfw/3.3.3/e449e28b4891fc423c54c85fbc5bb0b9efece67a/lwjgl-glfw-3.3.3-natives-windows.jar for mixin tweaker
[01:13:34] [main/DEBUG] [org.spongepowered.asm.service.mojang.MixinServiceLaunchWrapper]: Scanning file:/C:/Users/jorjo/.gradle/caches/modules-2/files-2.1/org.lwjgl/lwjgl-openal/3.3.3/daada81ceb5fc0c291fbfdd4433cb8d9423577f2/lwjgl-openal-3.3.3.jar for mixin tweaker
[01:13:34] [main/DEBUG] [org.spongepowered.asm.service.mojang.MixinServiceLaunchWrapper]: Scanning file:/C:/Users/jorjo/.gradle/caches/modules-2/files-2.1/org.lwjgl/lwjgl-openal/3.3.3/cf83862ae95d98496b26915024c7e666d8ab1c8f/lwjgl-openal-3.3.3-natives-windows.jar for mixin tweaker
[01:13:34] [main/DEBUG] [org.spongepowered.asm.service.mojang.MixinServiceLaunchWrapper]: Scanning file:/C:/Users/jorjo/.gradle/caches/modules-2/files-2.1/org.lwjgl/lwjgl-opengl/3.3.3/2f6b0147078396a58979125a4c947664e98293a/lwjgl-opengl-3.3.3.jar for mixin tweaker
[01:13:34] [main/DEBUG] [org.spongepowered.asm.service.mojang.MixinServiceLaunchWrapper]: Scanning file:/C:/Users/jorjo/.gradle/caches/modules-2/files-2.1/org.lwjgl/lwjgl-opengl/3.3.3/e6c1eec8be8a71951b830a4d69efc01c6531900c/lwjgl-opengl-3.3.3-natives-windows.jar for mixin tweaker
[01:13:34] [main/DEBUG] [org.spongepowered.asm.service.mojang.MixinServiceLaunchWrapper]: Scanning file:/C:/Users/jorjo/.gradle/caches/modules-2/files-2.1/org.lwjgl/lwjgl-jemalloc/3.3.3/b543467b7ff3c6920539a88ee602d34098628be5/lwjgl-jemalloc-3.3.3.jar for mixin tweaker
[01:13:34] [main/DEBUG] [org.spongepowered.asm.service.mojang.MixinServiceLaunchWrapper]: Scanning file:/C:/Users/jorjo/.gradle/caches/modules-2/files-2.1/org.lwjgl/lwjgl-jemalloc/3.3.3/426222fc027602a5f21b9c0fe79cde6a4c7a011f/lwjgl-jemalloc-3.3.3-natives-windows.jar for mixin tweaker
[01:13:34] [main/DEBUG] [org.spongepowered.asm.service.mojang.MixinServiceLaunchWrapper]: Scanning file:/C:/Users/jorjo/.gradle/caches/modules-2/files-2.1/org.lwjgl/lwjgl-stb/3.3.3/25dd6161988d7e65f71d5065c99902402ee32746/lwjgl-stb-3.3.3.jar for mixin tweaker
[01:13:34] [main/DEBUG] [org.spongepowered.asm.service.mojang.MixinServiceLaunchWrapper]: Scanning file:/C:/Users/jorjo/.gradle/caches/modules-2/files-2.1/org.lwjgl/lwjgl-stb/3.3.3/1d9facdf6541de114b0f963be33505b7679c78cb/lwjgl-stb-3.3.3-natives-windows.jar for mixin tweaker
[01:13:34] [main/DEBUG] [org.spongepowered.asm.service.mojang.MixinServiceLaunchWrapper]: Scanning file:/C:/Users/jorjo/.gradle/caches/modules-2/files-2.1/org.lwjgl/lwjgl-tinyfd/3.3.3/82d755ca94b102e9ca77283b9e2dc46d1b15fbe5/lwjgl-tinyfd-3.3.3.jar for mixin tweaker
[01:13:34] [main/DEBUG] [org.spongepowered.asm.service.mojang.MixinServiceLaunchWrapper]: Scanning file:/C:/Users/jorjo/.gradle/caches/modules-2/files-2.1/org.lwjgl/lwjgl-tinyfd/3.3.3/a6697981b0449a5087c1d546fc08b4f73e8f98c9/lwjgl-tinyfd-3.3.3-natives-windows.jar for mixin tweaker
[01:13:34] [main/DEBUG] [org.spongepowered.asm.service.mojang.MixinServiceLaunchWrapper]: Scanning file:/C:/Users/jorjo/.gradle/caches/modules-2/files-2.1/org.lwjgl/lwjgl/3.3.3/29589b5f87ed335a6c7e7ee6a5775f81f97ecb84/lwjgl-3.3.3.jar for mixin tweaker
[01:13:34] [main/DEBUG] [org.spongepowered.asm.service.mojang.MixinServiceLaunchWrapper]: Scanning file:/C:/Users/jorjo/.gradle/caches/modules-2/files-2.1/org.lwjgl/lwjgl/3.3.3/a5ed18a2b82fc91b81f40d717cb1f64c9dcb0540/lwjgl-3.3.3-natives-windows.jar for mixin tweaker
[01:13:34] [main/DEBUG] [mixin]: Adding agents for Mixin Container ContainerHandleURI(file:/C:/Users/jorjo/.gradle/caches/modules-2/files-2.1/com.github.GTNewHorizons/Hodgepodge/2.5.82/f9b4ad9aeb6d201c13f08af159fd85d4cad91415/Hodgepodge-2.5.82-dev.jar)
[01:13:34] [main/DEBUG] [mixin]: Adding mixin platform agents for container ContainerHandleURI(file:/C:/Users/jorjo/.gradle/caches/modules-2/files-2.1/com.github.GTNewHorizons/Hodgepodge/2.5.82/f9b4ad9aeb6d201c13f08af159fd85d4cad91415/Hodgepodge-2.5.82-dev.jar)
[01:13:34] [main/DEBUG] [mixin]: Instancing new MixinPlatformAgentFMLLegacy for ContainerHandleURI(file:/C:/Users/jorjo/.gradle/caches/modules-2/files-2.1/com.github.GTNewHorizons/Hodgepodge/2.5.82/f9b4ad9aeb6d201c13f08af159fd85d4cad91415/Hodgepodge-2.5.82-dev.jar)
[01:13:34] [main/DEBUG] [mixin]: ForceLoadAsMod was specified for Hodgepodge-2.5.82-dev.jar, attempting force-load
[01:13:34] [main/DEBUG] [mixin]: Ignoring request to add Hodgepodge-2.5.82-dev.jar to reparseable coremod collection - it is on the class path
[01:13:34] [main/DEBUG] [mixin]: Hodgepodge-2.5.82-dev.jar has core plugin com.mitchej123.hodgepodge.core.HodgepodgeCore. Skipping because it was already injected.
[01:13:34] [main/DEBUG] [mixin]: MixinPlatformAgentFMLLegacy rejected container ContainerHandleURI(file:/C:/Users/jorjo/.gradle/caches/modules-2/files-2.1/com.github.GTNewHorizons/Hodgepodge/2.5.82/f9b4ad9aeb6d201c13f08af159fd85d4cad91415/Hodgepodge-2.5.82-dev.jar)
[01:13:34] [main/DEBUG] [mixin]: Instancing new MixinPlatformAgentLiteLoaderLegacy for ContainerHandleURI(file:/C:/Users/jorjo/.gradle/caches/modules-2/files-2.1/com.github.GTNewHorizons/Hodgepodge/2.5.82/f9b4ad9aeb6d201c13f08af159fd85d4cad91415/Hodgepodge-2.5.82-dev.jar)
[01:13:34] [main/DEBUG] [mixin]: MixinPlatformAgentLiteLoaderLegacy rejected container ContainerHandleURI(file:/C:/Users/jorjo/.gradle/caches/modules-2/files-2.1/com.github.GTNewHorizons/Hodgepodge/2.5.82/f9b4ad9aeb6d201c13f08af159fd85d4cad91415/Hodgepodge-2.5.82-dev.jar)
[01:13:34] [main/DEBUG] [mixin]: Instancing new MixinPlatformAgentDefault for ContainerHandleURI(file:/C:/Users/jorjo/.gradle/caches/modules-2/files-2.1/com.github.GTNewHorizons/Hodgepodge/2.5.82/f9b4ad9aeb6d201c13f08af159fd85d4cad91415/Hodgepodge-2.5.82-dev.jar)
[01:13:34] [main/DEBUG] [mixin]: MixinPlatformAgentDefault accepted container ContainerHandleURI(file:/C:/Users/jorjo/.gradle/caches/modules-2/files-2.1/com.github.GTNewHorizons/Hodgepodge/2.5.82/f9b4ad9aeb6d201c13f08af159fd85d4cad91415/Hodgepodge-2.5.82-dev.jar)
[01:13:34] [main/DEBUG] [mixin]: Adding agents for Mixin Container ContainerHandleURI(file:/C:/Users/jorjo/.gradle/caches/modules-2/files-2.1/com.github.GTNewHorizons/GTNHLib/0.5.21/ba0391fd21aee79ea804623519e1c50dacfa04de/GTNHLib-0.5.21-dev.jar)
[01:13:34] [main/DEBUG] [mixin]: Adding mixin platform agents for container ContainerHandleURI(file:/C:/Users/jorjo/.gradle/caches/modules-2/files-2.1/com.github.GTNewHorizons/GTNHLib/0.5.21/ba0391fd21aee79ea804623519e1c50dacfa04de/GTNHLib-0.5.21-dev.jar)
[01:13:34] [main/DEBUG] [mixin]: Instancing new MixinPlatformAgentFMLLegacy for ContainerHandleURI(file:/C:/Users/jorjo/.gradle/caches/modules-2/files-2.1/com.github.GTNewHorizons/GTNHLib/0.5.21/ba0391fd21aee79ea804623519e1c50dacfa04de/GTNHLib-0.5.21-dev.jar)
[01:13:34] [main/DEBUG] [mixin]: ForceLoadAsMod was specified for GTNHLib-0.5.21-dev.jar, attempting force-load
[01:13:34] [main/DEBUG] [mixin]: Ignoring request to add GTNHLib-0.5.21-dev.jar to reparseable coremod collection - it is on the class path
[01:13:34] [main/DEBUG] [mixin]: GTNHLib-0.5.21-dev.jar has core plugin com.gtnewhorizon.gtnhlib.core.GTNHLibCore. Skipping because it was already injected.
[01:13:34] [main/DEBUG] [mixin]: MixinPlatformAgentFMLLegacy rejected container ContainerHandleURI(file:/C:/Users/jorjo/.gradle/caches/modules-2/files-2.1/com.github.GTNewHorizons/GTNHLib/0.5.21/ba0391fd21aee79ea804623519e1c50dacfa04de/GTNHLib-0.5.21-dev.jar)
[01:13:34] [main/DEBUG] [mixin]: Instancing new MixinPlatformAgentLiteLoaderLegacy for ContainerHandleURI(file:/C:/Users/jorjo/.gradle/caches/modules-2/files-2.1/com.github.GTNewHorizons/GTNHLib/0.5.21/ba0391fd21aee79ea804623519e1c50dacfa04de/GTNHLib-0.5.21-dev.jar)
[01:13:34] [main/DEBUG] [mixin]: MixinPlatformAgentLiteLoaderLegacy rejected container ContainerHandleURI(file:/C:/Users/jorjo/.gradle/caches/modules-2/files-2.1/com.github.GTNewHorizons/GTNHLib/0.5.21/ba0391fd21aee79ea804623519e1c50dacfa04de/GTNHLib-0.5.21-dev.jar)
[01:13:34] [main/DEBUG] [mixin]: Instancing new MixinPlatformAgentDefault for ContainerHandleURI(file:/C:/Users/jorjo/.gradle/caches/modules-2/files-2.1/com.github.GTNewHorizons/GTNHLib/0.5.21/ba0391fd21aee79ea804623519e1c50dacfa04de/GTNHLib-0.5.21-dev.jar)
[01:13:34] [main/DEBUG] [mixin]: MixinPlatformAgentDefault accepted container ContainerHandleURI(file:/C:/Users/jorjo/.gradle/caches/modules-2/files-2.1/com.github.GTNewHorizons/GTNHLib/0.5.21/ba0391fd21aee79ea804623519e1c50dacfa04de/GTNHLib-0.5.21-dev.jar)
[01:13:34] [main/DEBUG] [mixin]: Adding agents for Mixin Container ContainerHandleURI(file:/C:/Users/jorjo/.gradle/caches/modules-2/files-2.1/io.github.legacymoddingmc/unimixins/0.1.19/fe0b4ad9cbf080f50f5a51c699b8a428c51018e/unimixins-0.1.19-dev.jar)
[01:13:34] [main/INFO] [LaunchWrapper]: Constructing tweaker me.eigenraven.lwjgl3ify.relauncher.Lwjgl3ifyRelauncherTweaker
[01:13:34] [main/INFO] [LaunchWrapper]: Constructing tweaker net.minecraftforge.gradle.tweakers.CoremodTweaker
[01:13:34] [main/INFO] [LaunchWrapper]: Installing tweaker cpw.mods.fml.common.launcher.FMLTweaker
